-------------------------------------------------------------------------------
Test set: com.ing.core.JsonReaderTest
-------------------------------------------------------------------------------
Tests run: 1, Failures: 1, Errors: 0, Skipped: 0, Time elapsed: 2.13 sec <<< FAILURE!
testReadUrl(com.ing.core.JsonReaderTest)  Time elapsed: 2.05 sec  <<< FAILURE!
java.lang.AssertionError: The JSON Parser did not return the correct number of results
	at org.junit.Assert.fail(Assert.java:88)
	at com.ing.core.JsonReaderTest.testReadUrl(JsonReaderTest.java:15)

