<?xml version="1.0" encoding="UTF-8"?>
<testsuite name="com.ing.custom.web.SecurityTagControllerTest" time="0.01" tests="9" errors="9" skipped="0" failures="0">
  <properties>
[...]
</properties>
  <testcase name="whenUserPage_withNormalUser_thenSuccess" classname="com.ing.custom.web.SecurityTagControllerTest" time="0">
    <error message="Failed to load ApplicationContext" type="java.lang.IllegalStateException">java.lang.IllegalStateException: Failed to load ApplicationContext
	at org.apache.camel.util.CamelContextHelper.getMandatoryEndpoint(CamelContextHelper.java:81)
	at org.apache.camel.model.RouteDefinition.resolveEndpoint(RouteDefinition.java:211)
	at org.apache.camel.impl.DefaultRouteContext.resolveEndpoint(DefaultRouteContext.java:107)
	at org.apache.camel.impl.DefaultRouteContext.resolveEndpoint(DefaultRouteContext.java:113)
	at org.apache.camel.model.SendDefinition.resolveEndpoint(SendDefinition.java:62)
	at org.apache.camel.model.SendDefinition.createProcessor(SendDefinition.java:56)
	at org.apache.camel.model.ProcessorDefinition.createProcessor(ProcessorDefinition.java:483)
	at org.apache.camel.model.ProcessorDefinition.createOutputsProcessorImpl(ProcessorDefinition.java:446)
	at org.apache.camel.model.ProcessorDefinition.createOutputsProcessor(ProcessorDefinition.java:413)
	at org.apache.camel.model.ProcessorDefinition.createOutputsProcessor(ProcessorDefinition.java:165)
	at org.apache.camel.model.ExpressionNode.createFilterProcessor(ExpressionNode.java:109)
	at org.apache.camel.model.WhenDefinition.createProcessor(WhenDefinition.java:74)
	at org.apache.camel.model.WhenDefinition.createProcessor(WhenDefinition.java:32)
	at org.apache.camel.model.ProcessorDefinition.createProcessor(ProcessorDefinition.java:483)
	at org.apache.camel.model.ChoiceDefinition.createProcessor(ChoiceDefinition.java:135)
	at org.apache.camel.model.ProcessorDefinition.makeProcessorImpl(ProcessorDefinition.java:534)
	at org.apache.camel.model.ProcessorDefinition.makeProcessor(ProcessorDefinition.java:495)
	at org.apache.camel.model.ProcessorDefinition.addRoutes(ProcessorDefinition.java:219)
	at org.apache.camel.model.RouteDefinition.addRoutes(RouteDefinition.java:1069)
	at org.apache.camel.model.RouteDefinition.addRoutes(RouteDefinition.java:196)
	at org.apache.camel.impl.DefaultCamelContext.startRoute(DefaultCamelContext.java:974)
	at org.apache.camel.impl.DefaultCamelContext.startRouteDefinitions(DefaultCamelContext.java:3301)
	at org.apache.camel.impl.DefaultCamelContext.doStartCamel(DefaultCamelContext.java:3024)
	at org.apache.camel.impl.DefaultCamelContext.access$000(DefaultCamelContext.java:175)
	at org.apache.camel.impl.DefaultCamelContext$2.call(DefaultCamelContext.java:2854)
	at org.apache.camel.impl.DefaultCamelContext$2.call(DefaultCamelContext.java:2850)
	at org.apache.camel.impl.DefaultCamelContext.doWithDefinedClassLoader(DefaultCamelContext.java:2873)
	at org.apache.camel.impl.DefaultCamelContext.doStart(DefaultCamelContext.java:2850)
	at org.apache.camel.support.ServiceSupport.start(ServiceSupport.java:61)
	at org.apache.camel.impl.DefaultCamelContext.start(DefaultCamelContext.java:2819)
	at org.apache.camel.spring.boot.RoutesCollector.onApplicationEvent(RoutesCollector.java:116)
	at org.apache.camel.spring.boot.RoutesCollector.onApplicationEvent(RoutesCollector.java:41)
	at org.springframework.context.event.SimpleApplicationEventMulticaster.invokeListener(SimpleApplicationEventMulticaster.java:166)
	at org.springframework.context.event.SimpleApplicationEventMulticaster.multicastEvent(SimpleApplicationEventMulticaster.java:138)
	at org.springframework.context.support.AbstractApplicationContext.publishEvent(AbstractApplicationContext.java:383)
	at org.springframework.context.support.AbstractApplicationContext.publishEvent(AbstractApplicationContext.java:337)
	at org.springframework.context.support.AbstractApplicationContext.finishRefresh(AbstractApplicationContext.java:882)
	at org.springframework.context.support.AbstractApplicationContext.refresh(AbstractApplicationContext.java:545)
	at org.springframework.boot.SpringApplication.refresh(SpringApplication.java:766)
	at org.springframework.boot.SpringApplication.createAndRefreshContext(SpringApplication.java:361)
	at org.springframework.boot.SpringApplication.run(SpringApplication.java:307)
	at org.springframework.boot.test.SpringApplicationContextLoader.loadContext(SpringApplicationContextLoader.java:98)
	at org.springframework.test.context.cache.DefaultCacheAwareContextLoaderDelegate.loadContextInternal(DefaultCacheAwareContextLoaderDelegate.java:98)
	at org.springframework.test.context.cache.DefaultCacheAwareContextLoaderDelegate.loadContext(DefaultCacheAwareContextLoaderDelegate.java:116)
	at org.springframework.test.context.support.DefaultTestContext.getApplicationContext(DefaultTestContext.java:83)
	at org.springframework.test.context.web.ServletTestExecutionListener.setUpRequestContextIfNecessary(ServletTestExecutionListener.java:189)
	at org.springframework.test.context.web.ServletTestExecutionListener.prepareTestInstance(ServletTestExecutionListener.java:131)
	at org.springframework.test.context.TestContextManager.prepareTestInstance(TestContextManager.java:230)
	at org.springframework.test.context.junit4.SpringJUnit4ClassRunner.createTest(SpringJUnit4ClassRunner.java:228)
	at org.springframework.test.context.junit4.SpringJUnit4ClassRunner$1.runReflectiveCall(SpringJUnit4ClassRunner.java:287)
	at org.junit.internal.runners.model.ReflectiveCallable.run(ReflectiveCallable.java:12)
	at org.springframework.test.context.junit4.SpringJUnit4ClassRunner.methodBlock(SpringJUnit4ClassRunner.java:289)
	at org.springframework.test.context.junit4.SpringJUnit4ClassRunner.runChild(SpringJUnit4ClassRunner.java:247)
	at org.springframework.test.context.junit4.SpringJUnit4ClassRunner.runChild(SpringJUnit4ClassRunner.java:94)
	at org.junit.runners.ParentRunner$3.run(ParentRunner.java:290)
	at org.junit.runners.ParentRunner$1.schedule(ParentRunner.java:71)
	at org.junit.runners.ParentRunner.runChildren(ParentRunner.java:288)
	at org.junit.runners.ParentRunner.access$000(ParentRunner.java:58)
	at org.junit.runners.ParentRunner$2.evaluate(ParentRunner.java:268)
	at org.springframework.test.context.junit4.statements.RunBeforeTestClassCallbacks.evaluate(RunBeforeTestClassCallbacks.java:61)
	at org.springframework.test.context.junit4.statements.RunAfterTestClassCallbacks.evaluate(RunAfterTestClassCallbacks.java:70)
	at org.junit.runners.ParentRunner.run(ParentRunner.java:363)
	at org.springframework.test.context.junit4.SpringJUnit4ClassRunner.run(SpringJUnit4ClassRunner.java:191)
	at org.apache.maven.surefire.junit4.JUnit4Provider.execute(JUnit4Provider.java:264)
	at org.apache.maven.surefire.junit4.JUnit4Provider.executeTestSet(JUnit4Provider.java:153)
	at org.apache.maven.surefire.junit4.JUnit4Provider.invoke(JUnit4Provider.java:124)
	at sun.reflect.NativeMethodAccessorImpl.invoke0(Native Method)
	at sun.reflect.NativeMethodAccessorImpl.invoke(NativeMethodAccessorImpl.java:62)
	at sun.reflect.DelegatingMethodAccessorImpl.invoke(DelegatingMethodAccessorImpl.java:43)
	at java.lang.reflect.Method.invoke(Method.java:498)
	at org.apache.maven.surefire.util.ReflectionUtils.invokeMethodWithArray2(ReflectionUtils.java:208)
	at org.apache.maven.surefire.booter.ProviderFactory$ProviderProxy.invoke(ProviderFactory.java:159)
	at org.apache.maven.surefire.booter.ProviderFactory.invokeProvider(ProviderFactory.java:87)
	at org.apache.maven.surefire.booter.ForkedBooter.runSuitesInProcess(ForkedBooter.java:153)
	at org.apache.maven.surefire.booter.ForkedBooter.main(ForkedBooter.java:95)
</error>
    <system-out><![CDATA[2017-04-10 19:13:38.665  INFO 8220 --- [           main] o.s.t.c.support.AbstractContextLoader    : Could not detect default resource locations for test class [com.ing.custom.web.SecurityTagControllerTest]: no resource found for suffixes {-context.xml, Context.groovy}.
2017-04-10 19:13:38.675  INFO 8220 --- [           main] o.s.t.c.web.WebTestContextBootstrapper   : Loaded default TestExecutionListener class names from location [META-INF/spring.factories]: [org.springframework.test.context.web.ServletTestExecutionListener, org.springframework.test.context.support.DirtiesContextBeforeModesTestExecutionListener, org.springframework.test.context.support.DependencyInjectionTestExecutionListener, org.springframework.test.context.support.DirtiesContextTestExecutionListener, org.springframework.test.context.transaction.TransactionalTestExecutionListener, org.springframework.test.context.jdbc.SqlScriptsTestExecutionListener, org.springframework.security.test.context.support.WithSecurityContextTestExecutionListener]
2017-04-10 19:13:38.675  INFO 8220 --- [           main] o.s.t.c.web.WebTestContextBootstrapper   : Using TestExecutionListeners: [org.springframework.test.context.web.ServletTestExecutionListener@15f68bcc, org.springframework.test.context.support.DirtiesContextBeforeModesTestExecutionListener@c631be9, org.springframework.test.context.support.DependencyInjectionTestExecutionListener@66c740e3, org.springframework.test.context.support.DirtiesContextTestExecutionListener@2441adbe, org.springframework.test.context.transaction.TransactionalTestExecutionListener@548fa11, org.springframework.test.context.jdbc.SqlScriptsTestExecutionListener@11e01502, org.springframework.security.test.context.support.WithSecurityContextTestExecutionListener@4d7c8f85]

  .   ____          _            __ _ _
 /\\ / ___'_ __ _ _(_)_ __  __ _ \ \ \ \
( ( )\___ | '_ | '_| | '_ \/ _` | \ \ \ \
 \\/  ___)| |_)| | | | | || (_| |  ) ) ) )
  '  |____| .__|_| |_|_| |_\__, | / / / /
 =========|_|==============|___/=/_/_/_/
 :: Spring Boot ::        (v1.3.3.RELEASE)

2017-04-10 19:13:38.707  INFO 8220 --- [           main] c.i.c.web.SecurityTagControllerTest      : Starting SecurityTagControllerTest on PPL882039FC with PID 8220 (C:\Users\normsby\Documents\NetBeansProjects\ING_ATM_Locator\target\test-classes started by normsby in C:\Users\normsby\Documents\NetBeansProjects\ING_ATM_Locator)
2017-04-10 19:13:38.707  INFO 8220 --- [           main] c.i.c.web.SecurityTagControllerTest      : No active profile set, falling back to default profiles: default
2017-04-10 19:13:38.707  INFO 8220 --- [           main] o.s.w.c.s.GenericWebApplicationContext   : Refreshing org.springframework.web.context.support.GenericWebApplicationContext@1187f524: startup date [Mon Apr 10 19:13:38 EDT 2017]; root of context hierarchy
2017-04-10 19:13:38.991  INFO 8220 --- [           main] trationDelegate$BeanPostProcessorChecker : Bean 'org.springframework.security.config.annotation.configuration.ObjectPostProcessorConfiguration' of type [class org.springframework.security.config.annotation.configuration.ObjectPostProcessorConfiguration$$EnhancerBySpringCGLIB$$da46e5e5] is not eligible for getting processed by all BeanPostProcessors (for example: not eligible for auto-proxying)
2017-04-10 19:13:39.001  INFO 8220 --- [           main] trationDelegate$BeanPostProcessorChecker : Bean 'objectPostProcessor' of type [class org.springframework.security.config.annotation.configuration.AutowireBeanFactoryObjectPostProcessor] is not eligible for getting processed by all BeanPostProcessors (for example: not eligible for auto-proxying)
2017-04-10 19:13:39.001  INFO 8220 --- [           main] trationDelegate$BeanPostProcessorChecker : Bean 'org.springframework.security.access.expression.method.DefaultMethodSecurityExpressionHandler@7e01ac78' of type [class org.springframework.security.access.expression.method.DefaultMethodSecurityExpressionHandler] is not eligible for getting processed by all BeanPostProcessors (for example: not eligible for auto-proxying)
2017-04-10 19:13:39.001  INFO 8220 --- [           main] trationDelegate$BeanPostProcessorChecker : Bean 'org.springframework.security.config.annotation.method.configuration.GlobalMethodSecurityConfiguration' of type [class org.springframework.security.config.annotation.method.configuration.GlobalMethodSecurityConfiguration$$EnhancerBySpringCGLIB$$ff1b8897] is not eligible for getting processed by all BeanPostProcessors (for example: not eligible for auto-proxying)
2017-04-10 19:13:39.001  INFO 8220 --- [           main] trationDelegate$BeanPostProcessorChecker : Bean 'methodSecurityMetadataSource' of type [class org.springframework.security.access.method.DelegatingMethodSecurityMetadataSource] is not eligible for getting processed by all BeanPostProcessors (for example: not eligible for auto-proxying)
2017-04-10 19:13:39.011  INFO 8220 --- [           main] trationDelegate$BeanPostProcessorChecker : Bean 'org.apache.camel.spring.boot.CamelAutoConfiguration' of type [class org.apache.camel.spring.boot.CamelAutoConfiguration$$EnhancerBySpringCGLIB$$63c2e3ca] is not eligible for getting processed by all BeanPostProcessors (for example: not eligible for auto-proxying)
2017-04-10 19:13:39.523  INFO 8220 --- [           main] o.s.s.web.DefaultSecurityFilterChain     : Creating filter chain: org.springframework.security.web.util.matcher.AnyRequestMatcher@1, [org.springframework.security.web.context.request.async.WebAsyncManagerIntegrationFilter@370288fe, org.springframework.security.web.context.SecurityContextPersistenceFilter@382562e9, org.springframework.security.web.header.HeaderWriterFilter@6f1a0623, org.springframework.security.web.csrf.CsrfFilter@4a8c012f, org.springframework.security.web.authentication.logout.LogoutFilter@1939b78e, org.springframework.security.web.authentication.UsernamePasswordAuthenticationFilter@4f6a1cd3, org.springframework.security.web.savedrequest.RequestCacheAwareFilter@60868453, org.springframework.security.web.servletapi.SecurityContextHolderAwareRequestFilter@5f12bd7e, org.springframework.security.web.authentication.AnonymousAuthenticationFilter@3e7fb02d, org.springframework.security.web.session.SessionManagementFilter@128a8cee, org.springframework.security.web.access.ExceptionTranslationFilter@92a2a34, org.springframework.security.web.access.intercept.FilterSecurityInterceptor@582575a7]
2017-04-10 19:13:39.613  INFO 8220 --- [           main] s.w.s.m.m.a.RequestMappingHandlerAdapter : Looking for @ControllerAdvice: org.springframework.web.context.support.GenericWebApplicationContext@1187f524: startup date [Mon Apr 10 19:13:38 EDT 2017]; root of context hierarchy
2017-04-10 19:13:39.633  INFO 8220 --- [           main] s.w.s.m.m.a.RequestMappingHandlerMapping : Mapped "{[/error]}" onto public java.lang.String com.ing.error.CustomErrorController.customError(org.springframework.ui.Model,javax.servlet.http.HttpServletRequest)
2017-04-10 19:13:39.633  INFO 8220 --- [           main] s.w.s.m.m.a.RequestMappingHandlerMapping : Mapped "{[/403]}" onto public java.lang.String com.ing.error.CustomErrorController.unauthorised(org.springframework.ui.Model,javax.servlet.http.HttpServletRequest)
2017-04-10 19:13:39.633  INFO 8220 --- [           main] s.w.s.m.m.a.RequestMappingHandlerMapping : Mapped "{[/index],methods=[GET]}" onto public java.lang.String com.ing.web.MainController.index()
2017-04-10 19:13:39.633  INFO 8220 --- [           main] s.w.s.m.m.a.RequestMappingHandlerMapping : Mapped "{[/],methods=[GET]}" onto public java.lang.String com.ing.web.MainController.root()
2017-04-10 19:13:39.633  INFO 8220 --- [           main] s.w.s.m.m.a.RequestMappingHandlerMapping : Mapped "{[/login-error],methods=[GET]}" onto public java.lang.String com.ing.web.MainController.loginError(org.springframework.ui.Model)
2017-04-10 19:13:39.633  INFO 8220 --- [           main] s.w.s.m.m.a.RequestMappingHandlerMapping : Mapped "{[/login],methods=[GET]}" onto public java.lang.String com.ing.web.MainController.login()
2017-04-10 19:13:39.633  INFO 8220 --- [           main] s.w.s.m.m.a.RequestMappingHandlerMapping : Mapped "{[/admin/index],methods=[GET]}" onto public java.lang.String com.ing.web.MainController.adminIndex()
2017-04-10 19:13:39.633  INFO 8220 --- [           main] s.w.s.m.m.a.RequestMappingHandlerMapping : Mapped "{[/user/index],methods=[GET]}" onto public java.lang.String com.ing.web.MainController.userIndex()
2017-04-10 19:13:39.633  INFO 8220 --- [           main] s.w.s.m.m.a.RequestMappingHandlerMapping : Mapped "{[/public/index],methods=[GET]}" onto public java.lang.String com.ing.web.MainController.publicIndex()
2017-04-10 19:13:39.633  INFO 8220 --- [           main] s.w.s.m.m.a.RequestMappingHandlerMapping : Mapped "{[/extra/index],methods=[GET]}" onto public java.lang.String com.ing.web.MainController.extraIndex()
2017-04-10 19:13:39.633  INFO 8220 --- [           main] s.w.s.m.m.a.RequestMappingHandlerMapping : Mapped "{[/tags/index],methods=[GET]}" onto public java.lang.String com.ing.web.SecurityTagController.index(org.springframework.security.core.userdetails.User)
2017-04-10 19:13:39.633  INFO 8220 --- [           main] s.w.s.m.m.a.RequestMappingHandlerMapping : Mapped "{[/tags/admin/index],methods=[GET]}" onto public java.lang.String com.ing.web.SecurityTagController.adminIndex(org.springframework.security.core.userdetails.User)
2017-04-10 19:13:39.633  INFO 8220 --- [           main] s.w.s.m.m.a.RequestMappingHandlerMapping : Mapped "{[/tags/extra/index],methods=[GET]}" onto public java.lang.String com.ing.web.SecurityTagController.extraUser(org.springframework.security.core.userdetails.User)
2017-04-10 19:13:39.633  INFO 8220 --- [           main] s.w.s.m.m.a.RequestMappingHandlerMapping : Mapped "{[/tags/user/index],methods=[GET]}" onto public java.lang.String com.ing.web.SecurityTagController.userIndex(org.springframework.security.core.userdetails.User)
2017-04-10 19:13:39.723  INFO 8220 --- [           main] o.s.w.s.handler.SimpleUrlHandlerMapping  : Mapped URL path [/webjars/**] onto handler of type [class org.springframework.web.servlet.resource.ResourceHttpRequestHandler]
2017-04-10 19:13:39.723  INFO 8220 --- [           main] o.s.w.s.handler.SimpleUrlHandlerMapping  : Mapped URL path [/**] onto handler of type [class org.springframework.web.servlet.resource.ResourceHttpRequestHandler]
2017-04-10 19:13:39.763  INFO 8220 --- [           main] o.s.w.s.handler.SimpleUrlHandlerMapping  : Mapped URL path [/**/favicon.ico] onto handler of type [class org.springframework.web.servlet.resource.ResourceHttpRequestHandler]
2017-04-10 19:13:39.853  INFO 8220 --- [           main] o.a.c.i.converter.DefaultTypeConverter   : Loaded 191 type converters
2017-04-10 19:13:39.963  INFO 8220 --- [           main] o.a.camel.spring.boot.RoutesCollector    : Loading additional Camel XML routes from: classpath:camel/*.xml
2017-04-10 19:13:39.963  INFO 8220 --- [           main] o.a.camel.spring.boot.RoutesCollector    : Loading additional Camel XML rests from: classpath:camel-rest/*.xml
2017-04-10 19:13:39.963  INFO 8220 --- [           main] o.a.camel.spring.SpringCamelContext      : Apache Camel 2.17.2 (CamelContext: camel-29) is starting
2017-04-10 19:13:39.963  INFO 8220 --- [           main] o.a.c.m.ManagedManagementStrategy        : JMX is enabled
2017-04-10 19:13:39.963  INFO 8220 --- [           main] o.a.c.i.DefaultRuntimeEndpointRegistry   : Runtime endpoint registry is in extended mode gathering usage statistics of all incoming and outgoing endpoints (cache limit: 1000)
2017-04-10 19:13:39.993  INFO 8220 --- [           main] o.a.camel.spring.SpringCamelContext      : Apache Camel 2.17.2 (CamelContext: camel-29) is shutting down
2017-04-10 19:13:39.993  INFO 8220 --- [           main] o.a.camel.spring.SpringCamelContext      : Apache Camel 2.17.2 (CamelContext: camel-29) uptime 0.030 seconds
2017-04-10 19:13:39.993  INFO 8220 --- [           main] o.a.camel.spring.SpringCamelContext      : Apache Camel 2.17.2 (CamelContext: camel-29) is shutdown in 0.000 seconds
2017-04-10 19:13:39.993 ERROR 8220 --- [           main] o.s.boot.SpringApplication               : Application startup failed

org.apache.camel.spring.boot.CamelSpringBootInitializationException: org.apache.camel.FailedToCreateRouteException: Failed to create route route87 at: >>> Choice[[When[{header{action} == all} -> [To[GetAllATMs]]], When[{header{action} == inCity} -> [To[GetAllATMsInCity]]]]] <<< in route: Route(route87)[[From[direct:call]] -> [SetBody[{null}], Choi... because of No endpoint could be found for: GetAllATMs, please check your classpath contains the needed Camel component jar.
	at org.apache.camel.spring.boot.RoutesCollector.onApplicationEvent(RoutesCollector.java:126) ~[camel-spring-boot-2.17.0.jar:2.17.0]
	at org.apache.camel.spring.boot.RoutesCollector.onApplicationEvent(RoutesCollector.java:41) ~[camel-spring-boot-2.17.0.jar:2.17.0]
	at org.springframework.context.event.SimpleApplicationEventMulticaster.invokeListener(SimpleApplicationEventMulticaster.java:166) ~[spring-context-4.3.4.RELEASE.jar:4.3.4.RELEASE]
	at org.springframework.context.event.SimpleApplicationEventMulticaster.multicastEvent(SimpleApplicationEventMulticaster.java:138) ~[spring-context-4.3.4.RELEASE.jar:4.3.4.RELEASE]
	at org.springframework.context.support.AbstractApplicationContext.publishEvent(AbstractApplicationContext.java:383) ~[spring-context-4.3.4.RELEASE.jar:4.3.4.RELEASE]
	at org.springframework.context.support.AbstractApplicationContext.publishEvent(AbstractApplicationContext.java:337) ~[spring-context-4.3.4.RELEASE.jar:4.3.4.RELEASE]
	at org.springframework.context.support.AbstractApplicationContext.finishRefresh(AbstractApplicationContext.java:882) ~[spring-context-4.3.4.RELEASE.jar:4.3.4.RELEASE]
	at org.springframework.context.support.AbstractApplicationContext.refresh(AbstractApplicationContext.java:545) ~[spring-context-4.3.4.RELEASE.jar:4.3.4.RELEASE]
	at org.springframework.boot.SpringApplication.refresh(SpringApplication.java:766) ~[spring-boot-1.3.3.RELEASE.jar:1.3.3.RELEASE]
	at org.springframework.boot.SpringApplication.createAndRefreshContext(SpringApplication.java:361) ~[spring-boot-1.3.3.RELEASE.jar:1.3.3.RELEASE]
	at org.springframework.boot.SpringApplication.run(SpringApplication.java:307) ~[spring-boot-1.3.3.RELEASE.jar:1.3.3.RELEASE]
	at org.springframework.boot.test.SpringApplicationContextLoader.loadContext(SpringApplicationContextLoader.java:98) [spring-boot-1.3.3.RELEASE.jar:1.3.3.RELEASE]
	at org.springframework.test.context.cache.DefaultCacheAwareContextLoaderDelegate.loadContextInternal(DefaultCacheAwareContextLoaderDelegate.java:98) [spring-test-4.3.4.RELEASE.jar:4.3.4.RELEASE]
	at org.springframework.test.context.cache.DefaultCacheAwareContextLoaderDelegate.loadContext(DefaultCacheAwareContextLoaderDelegate.java:116) [spring-test-4.3.4.RELEASE.jar:4.3.4.RELEASE]
	at org.springframework.test.context.support.DefaultTestContext.getApplicationContext(DefaultTestContext.java:83) [spring-test-4.3.4.RELEASE.jar:4.3.4.RELEASE]
	at org.springframework.test.context.web.ServletTestExecutionListener.setUpRequestContextIfNecessary(ServletTestExecutionListener.java:189) [spring-test-4.3.4.RELEASE.jar:4.3.4.RELEASE]
	at org.springframework.test.context.web.ServletTestExecutionListener.prepareTestInstance(ServletTestExecutionListener.java:131) [spring-test-4.3.4.RELEASE.jar:4.3.4.RELEASE]
	at org.springframework.test.context.TestContextManager.prepareTestInstance(TestContextManager.java:230) [spring-test-4.3.4.RELEASE.jar:4.3.4.RELEASE]
	at org.springframework.test.context.junit4.SpringJUnit4ClassRunner.createTest(SpringJUnit4ClassRunner.java:228) [spring-test-4.3.4.RELEASE.jar:4.3.4.RELEASE]
	at org.springframework.test.context.junit4.SpringJUnit4ClassRunner$1.runReflectiveCall(SpringJUnit4ClassRunner.java:287) [spring-test-4.3.4.RELEASE.jar:4.3.4.RELEASE]
	at org.junit.internal.runners.model.ReflectiveCallable.run(ReflectiveCallable.java:12) [junit-4.12.jar:4.12]
	at org.springframework.test.context.junit4.SpringJUnit4ClassRunner.methodBlock(SpringJUnit4ClassRunner.java:289) [spring-test-4.3.4.RELEASE.jar:4.3.4.RELEASE]
	at org.springframework.test.context.junit4.SpringJUnit4ClassRunner.runChild(SpringJUnit4ClassRunner.java:247) [spring-test-4.3.4.RELEASE.jar:4.3.4.RELEASE]
	at org.springframework.test.context.junit4.SpringJUnit4ClassRunner.runChild(SpringJUnit4ClassRunner.java:94) [spring-test-4.3.4.RELEASE.jar:4.3.4.RELEASE]
	at org.junit.runners.ParentRunner$3.run(ParentRunner.java:290) [junit-4.12.jar:4.12]
	at org.junit.runners.ParentRunner$1.schedule(ParentRunner.java:71) [junit-4.12.jar:4.12]
	at org.junit.runners.ParentRunner.runChildren(ParentRunner.java:288) [junit-4.12.jar:4.12]
	at org.junit.runners.ParentRunner.access$000(ParentRunner.java:58) [junit-4.12.jar:4.12]
	at org.junit.runners.ParentRunner$2.evaluate(ParentRunner.java:268) [junit-4.12.jar:4.12]
	at org.springframework.test.context.junit4.statements.RunBeforeTestClassCallbacks.evaluate(RunBeforeTestClassCallbacks.java:61) [spring-test-4.3.4.RELEASE.jar:4.3.4.RELEASE]
	at org.springframework.test.context.junit4.statements.RunAfterTestClassCallbacks.evaluate(RunAfterTestClassCallbacks.java:70) [spring-test-4.3.4.RELEASE.jar:4.3.4.RELEASE]
	at org.junit.runners.ParentRunner.run(ParentRunner.java:363) [junit-4.12.jar:4.12]
	at org.springframework.test.context.junit4.SpringJUnit4ClassRunner.run(SpringJUnit4ClassRunner.java:191) [spring-test-4.3.4.RELEASE.jar:4.3.4.RELEASE]
	at org.apache.maven.surefire.junit4.JUnit4Provider.execute(JUnit4Provider.java:264) [surefire-junit4-2.14.1.jar:2.14.1]
	at org.apache.maven.surefire.junit4.JUnit4Provider.executeTestSet(JUnit4Provider.java:153) [surefire-junit4-2.14.1.jar:2.14.1]
	at org.apache.maven.surefire.junit4.JUnit4Provider.invoke(JUnit4Provider.java:124) [surefire-junit4-2.14.1.jar:2.14.1]
	at sun.reflect.NativeMethodAccessorImpl.invoke0(Native Method) ~[na:1.8.0_121]
	at sun.reflect.NativeMethodAccessorImpl.invoke(NativeMethodAccessorImpl.java:62) ~[na:1.8.0_121]
	at sun.reflect.DelegatingMethodAccessorImpl.invoke(DelegatingMethodAccessorImpl.java:43) ~[na:1.8.0_121]
	at java.lang.reflect.Method.invoke(Method.java:498) ~[na:1.8.0_121]
	at org.apache.maven.surefire.util.ReflectionUtils.invokeMethodWithArray2(ReflectionUtils.java:208) [surefire-api-2.14.1.jar:2.14.1]
	at org.apache.maven.surefire.booter.ProviderFactory$ProviderProxy.invoke(ProviderFactory.java:159) [surefire-booter-2.14.1.jar:2.14.1]
	at org.apache.maven.surefire.booter.ProviderFactory.invokeProvider(ProviderFactory.java:87) [surefire-booter-2.14.1.jar:2.14.1]
	at org.apache.maven.surefire.booter.ForkedBooter.runSuitesInProcess(ForkedBooter.java:153) [surefire-booter-2.14.1.jar:2.14.1]
	at org.apache.maven.surefire.booter.ForkedBooter.main(ForkedBooter.java:95) [surefire-booter-2.14.1.jar:2.14.1]
Caused by: org.apache.camel.FailedToCreateRouteException: Failed to create route route87 at: >>> Choice[[When[{header{action} == all} -> [To[GetAllATMs]]], When[{header{action} == inCity} -> [To[GetAllATMsInCity]]]]] <<< in route: Route(route87)[[From[direct:call]] -> [SetBody[{null}], Choi... because of No endpoint could be found for: GetAllATMs, please check your classpath contains the needed Camel component jar.
	at org.apache.camel.model.RouteDefinition.addRoutes(RouteDefinition.java:1072) ~[camel-core-2.17.2.jar:2.17.2]
	at org.apache.camel.model.RouteDefinition.addRoutes(RouteDefinition.java:196) ~[camel-core-2.17.2.jar:2.17.2]
	at org.apache.camel.impl.DefaultCamelContext.startRoute(DefaultCamelContext.java:974) ~[camel-core-2.17.2.jar:2.17.2]
	at org.apache.camel.impl.DefaultCamelContext.startRouteDefinitions(DefaultCamelContext.java:3301) ~[camel-core-2.17.2.jar:2.17.2]
	at org.apache.camel.impl.DefaultCamelContext.doStartCamel(DefaultCamelContext.java:3024) ~[camel-core-2.17.2.jar:2.17.2]
	at org.apache.camel.impl.DefaultCamelContext.access$000(DefaultCamelContext.java:175) ~[camel-core-2.17.2.jar:2.17.2]
	at org.apache.camel.impl.DefaultCamelContext$2.call(DefaultCamelContext.java:2854) ~[camel-core-2.17.2.jar:2.17.2]
	at org.apache.camel.impl.DefaultCamelContext$2.call(DefaultCamelContext.java:2850) ~[camel-core-2.17.2.jar:2.17.2]
	at org.apache.camel.impl.DefaultCamelContext.doWithDefinedClassLoader(DefaultCamelContext.java:2873) ~[camel-core-2.17.2.jar:2.17.2]
	at org.apache.camel.impl.DefaultCamelContext.doStart(DefaultCamelContext.java:2850) ~[camel-core-2.17.2.jar:2.17.2]
	at org.apache.camel.support.ServiceSupport.start(ServiceSupport.java:61) ~[camel-core-2.17.2.jar:2.17.2]
	at org.apache.camel.impl.DefaultCamelContext.start(DefaultCamelContext.java:2819) ~[camel-core-2.17.2.jar:2.17.2]
	at org.apache.camel.spring.boot.RoutesCollector.onApplicationEvent(RoutesCollector.java:116) ~[camel-spring-boot-2.17.0.jar:2.17.0]
	... 44 common frames omitted
Caused by: org.apache.camel.NoSuchEndpointException: No endpoint could be found for: GetAllATMs, please check your classpath contains the needed Camel component jar.
	at org.apache.camel.util.CamelContextHelper.getMandatoryEndpoint(CamelContextHelper.java:81) ~[camel-core-2.17.2.jar:2.17.2]
	at org.apache.camel.model.RouteDefinition.resolveEndpoint(RouteDefinition.java:211) ~[camel-core-2.17.2.jar:2.17.2]
	at org.apache.camel.impl.DefaultRouteContext.resolveEndpoint(DefaultRouteContext.java:107) ~[camel-core-2.17.2.jar:2.17.2]
	at org.apache.camel.impl.DefaultRouteContext.resolveEndpoint(DefaultRouteContext.java:113) ~[camel-core-2.17.2.jar:2.17.2]
	at org.apache.camel.model.SendDefinition.resolveEndpoint(SendDefinition.java:62) ~[camel-core-2.17.2.jar:2.17.2]
	at org.apache.camel.model.SendDefinition.createProcessor(SendDefinition.java:56) ~[camel-core-2.17.2.jar:2.17.2]
	at org.apache.camel.model.ProcessorDefinition.createProcessor(ProcessorDefinition.java:483) ~[camel-core-2.17.2.jar:2.17.2]
	at org.apache.camel.model.ProcessorDefinition.createOutputsProcessorImpl(ProcessorDefinition.java:446) ~[camel-core-2.17.2.jar:2.17.2]
	at org.apache.camel.model.ProcessorDefinition.createOutputsProcessor(ProcessorDefinition.java:413) ~[camel-core-2.17.2.jar:2.17.2]
	at org.apache.camel.model.ProcessorDefinition.createOutputsProcessor(ProcessorDefinition.java:165) ~[camel-core-2.17.2.jar:2.17.2]
	at org.apache.camel.model.ExpressionNode.createFilterProcessor(ExpressionNode.java:109) ~[camel-core-2.17.2.jar:2.17.2]
	at org.apache.camel.model.WhenDefinition.createProcessor(WhenDefinition.java:74) ~[camel-core-2.17.2.jar:2.17.2]
	at org.apache.camel.model.WhenDefinition.createProcessor(WhenDefinition.java:32) ~[camel-core-2.17.2.jar:2.17.2]
	at org.apache.camel.model.ProcessorDefinition.createProcessor(ProcessorDefinition.java:483) ~[camel-core-2.17.2.jar:2.17.2]
	at org.apache.camel.model.ChoiceDefinition.createProcessor(ChoiceDefinition.java:135) ~[camel-core-2.17.2.jar:2.17.2]
	at org.apache.camel.model.ProcessorDefinition.makeProcessorImpl(ProcessorDefinition.java:534) ~[camel-core-2.17.2.jar:2.17.2]
	at org.apache.camel.model.ProcessorDefinition.makeProcessor(ProcessorDefinition.java:495) ~[camel-core-2.17.2.jar:2.17.2]
	at org.apache.camel.model.ProcessorDefinition.addRoutes(ProcessorDefinition.java:219) ~[camel-core-2.17.2.jar:2.17.2]
	at org.apache.camel.model.RouteDefinition.addRoutes(RouteDefinition.java:1069) ~[camel-core-2.17.2.jar:2.17.2]
	... 56 common frames omitted

2017-04-10 19:13:40.003  INFO 8220 --- [           main] .b.l.ClasspathLoggingApplicationListener : Application failed to start with classpath: [file:/C:/Users/normsby/Documents/NetBeansProjects/ING_ATM_Locator/target/surefire/surefirebooter5636998128895282040.jar, file:/C:/Users/normsby/.m2/repository/org/jacoco/org.jacoco.agent/0.7.5.201505241946/org.jacoco.agent-0.7.5.201505241946-runtime.jar]
2017-04-10 19:13:40.003 ERROR 8220 --- [           main] o.s.test.context.TestContextManager      : Caught exception while allowing TestExecutionListener [org.springframework.test.context.web.ServletTestExecutionListener@15f68bcc] to prepare test instance [com.ing.custom.web.SecurityTagControllerTest@7fa95c16]

java.lang.IllegalStateException: Failed to load ApplicationContext
	at org.springframework.test.context.cache.DefaultCacheAwareContextLoaderDelegate.loadContext(DefaultCacheAwareContextLoaderDelegate.java:124) ~[spring-test-4.3.4.RELEASE.jar:4.3.4.RELEASE]
	at org.springframework.test.context.support.DefaultTestContext.getApplicationContext(DefaultTestContext.java:83) ~[spring-test-4.3.4.RELEASE.jar:4.3.4.RELEASE]
	at org.springframework.test.context.web.ServletTestExecutionListener.setUpRequestContextIfNecessary(ServletTestExecutionListener.java:189) ~[spring-test-4.3.4.RELEASE.jar:4.3.4.RELEASE]
	at org.springframework.test.context.web.ServletTestExecutionListener.prepareTestInstance(ServletTestExecutionListener.java:131) ~[spring-test-4.3.4.RELEASE.jar:4.3.4.RELEASE]
	at org.springframework.test.context.TestContextManager.prepareTestInstance(TestContextManager.java:230) ~[spring-test-4.3.4.RELEASE.jar:4.3.4.RELEASE]
	at org.springframework.test.context.junit4.SpringJUnit4ClassRunner.createTest(SpringJUnit4ClassRunner.java:228) [spring-test-4.3.4.RELEASE.jar:4.3.4.RELEASE]
	at org.springframework.test.context.junit4.SpringJUnit4ClassRunner$1.runReflectiveCall(SpringJUnit4ClassRunner.java:287) [spring-test-4.3.4.RELEASE.jar:4.3.4.RELEASE]
	at org.junit.internal.runners.model.ReflectiveCallable.run(ReflectiveCallable.java:12) [junit-4.12.jar:4.12]
	at org.springframework.test.context.junit4.SpringJUnit4ClassRunner.methodBlock(SpringJUnit4ClassRunner.java:289) [spring-test-4.3.4.RELEASE.jar:4.3.4.RELEASE]
	at org.springframework.test.context.junit4.SpringJUnit4ClassRunner.runChild(SpringJUnit4ClassRunner.java:247) [spring-test-4.3.4.RELEASE.jar:4.3.4.RELEASE]
	at org.springframework.test.context.junit4.SpringJUnit4ClassRunner.runChild(SpringJUnit4ClassRunner.java:94) [spring-test-4.3.4.RELEASE.jar:4.3.4.RELEASE]
	at org.junit.runners.ParentRunner$3.run(ParentRunner.java:290) [junit-4.12.jar:4.12]
	at org.junit.runners.ParentRunner$1.schedule(ParentRunner.java:71) [junit-4.12.jar:4.12]
	at org.junit.runners.ParentRunner.runChildren(ParentRunner.java:288) [junit-4.12.jar:4.12]
	at org.junit.runners.ParentRunner.access$000(ParentRunner.java:58) [junit-4.12.jar:4.12]
	at org.junit.runners.ParentRunner$2.evaluate(ParentRunner.java:268) [junit-4.12.jar:4.12]
	at org.springframework.test.context.junit4.statements.RunBeforeTestClassCallbacks.evaluate(RunBeforeTestClassCallbacks.java:61) [spring-test-4.3.4.RELEASE.jar:4.3.4.RELEASE]
	at org.springframework.test.context.junit4.statements.RunAfterTestClassCallbacks.evaluate(RunAfterTestClassCallbacks.java:70) [spring-test-4.3.4.RELEASE.jar:4.3.4.RELEASE]
	at org.junit.runners.ParentRunner.run(ParentRunner.java:363) [junit-4.12.jar:4.12]
	at org.springframework.test.context.junit4.SpringJUnit4ClassRunner.run(SpringJUnit4ClassRunner.java:191) [spring-test-4.3.4.RELEASE.jar:4.3.4.RELEASE]
	at org.apache.maven.surefire.junit4.JUnit4Provider.execute(JUnit4Provider.java:264) [surefire-junit4-2.14.1.jar:2.14.1]
	at org.apache.maven.surefire.junit4.JUnit4Provider.executeTestSet(JUnit4Provider.java:153) [surefire-junit4-2.14.1.jar:2.14.1]
	at org.apache.maven.surefire.junit4.JUnit4Provider.invoke(JUnit4Provider.java:124) [surefire-junit4-2.14.1.jar:2.14.1]
	at sun.reflect.NativeMethodAccessorImpl.invoke0(Native Method) ~[na:1.8.0_121]
	at sun.reflect.NativeMethodAccessorImpl.invoke(NativeMethodAccessorImpl.java:62) ~[na:1.8.0_121]
	at sun.reflect.DelegatingMethodAccessorImpl.invoke(DelegatingMethodAccessorImpl.java:43) ~[na:1.8.0_121]
	at java.lang.reflect.Method.invoke(Method.java:498) ~[na:1.8.0_121]
	at org.apache.maven.surefire.util.ReflectionUtils.invokeMethodWithArray2(ReflectionUtils.java:208) [surefire-api-2.14.1.jar:2.14.1]
	at org.apache.maven.surefire.booter.ProviderFactory$ProviderProxy.invoke(ProviderFactory.java:159) [surefire-booter-2.14.1.jar:2.14.1]
	at org.apache.maven.surefire.booter.ProviderFactory.invokeProvider(ProviderFactory.java:87) [surefire-booter-2.14.1.jar:2.14.1]
	at org.apache.maven.surefire.booter.ForkedBooter.runSuitesInProcess(ForkedBooter.java:153) [surefire-booter-2.14.1.jar:2.14.1]
	at org.apache.maven.surefire.booter.ForkedBooter.main(ForkedBooter.java:95) [surefire-booter-2.14.1.jar:2.14.1]
Caused by: org.apache.camel.spring.boot.CamelSpringBootInitializationException: org.apache.camel.FailedToCreateRouteException: Failed to create route route87 at: >>> Choice[[When[{header{action} == all} -> [To[GetAllATMs]]], When[{header{action} == inCity} -> [To[GetAllATMsInCity]]]]] <<< in route: Route(route87)[[From[direct:call]] -> [SetBody[{null}], Choi... because of No endpoint could be found for: GetAllATMs, please check your classpath contains the needed Camel component jar.
	at org.apache.camel.spring.boot.RoutesCollector.onApplicationEvent(RoutesCollector.java:126) ~[camel-spring-boot-2.17.0.jar:2.17.0]
	at org.apache.camel.spring.boot.RoutesCollector.onApplicationEvent(RoutesCollector.java:41) ~[camel-spring-boot-2.17.0.jar:2.17.0]
	at org.springframework.context.event.SimpleApplicationEventMulticaster.invokeListener(SimpleApplicationEventMulticaster.java:166) ~[spring-context-4.3.4.RELEASE.jar:4.3.4.RELEASE]
	at org.springframework.context.event.SimpleApplicationEventMulticaster.multicastEvent(SimpleApplicationEventMulticaster.java:138) ~[spring-context-4.3.4.RELEASE.jar:4.3.4.RELEASE]
	at org.springframework.context.support.AbstractApplicationContext.publishEvent(AbstractApplicationContext.java:383) ~[spring-context-4.3.4.RELEASE.jar:4.3.4.RELEASE]
	at org.springframework.context.support.AbstractApplicationContext.publishEvent(AbstractApplicationContext.java:337) ~[spring-context-4.3.4.RELEASE.jar:4.3.4.RELEASE]
	at org.springframework.context.support.AbstractApplicationContext.finishRefresh(AbstractApplicationContext.java:882) ~[spring-context-4.3.4.RELEASE.jar:4.3.4.RELEASE]
	at org.springframework.context.support.AbstractApplicationContext.refresh(AbstractApplicationContext.java:545) ~[spring-context-4.3.4.RELEASE.jar:4.3.4.RELEASE]
	at org.springframework.boot.SpringApplication.refresh(SpringApplication.java:766) ~[spring-boot-1.3.3.RELEASE.jar:1.3.3.RELEASE]
	at org.springframework.boot.SpringApplication.createAndRefreshContext(SpringApplication.java:361) ~[spring-boot-1.3.3.RELEASE.jar:1.3.3.RELEASE]
	at org.springframework.boot.SpringApplication.run(SpringApplication.java:307) ~[spring-boot-1.3.3.RELEASE.jar:1.3.3.RELEASE]
	at org.springframework.boot.test.SpringApplicationContextLoader.loadContext(SpringApplicationContextLoader.java:98) ~[spring-boot-1.3.3.RELEASE.jar:1.3.3.RELEASE]
	at org.springframework.test.context.cache.DefaultCacheAwareContextLoaderDelegate.loadContextInternal(DefaultCacheAwareContextLoaderDelegate.java:98) ~[spring-test-4.3.4.RELEASE.jar:4.3.4.RELEASE]
	at org.springframework.test.context.cache.DefaultCacheAwareContextLoaderDelegate.loadContext(DefaultCacheAwareContextLoaderDelegate.java:116) ~[spring-test-4.3.4.RELEASE.jar:4.3.4.RELEASE]
	... 31 common frames omitted
Caused by: org.apache.camel.FailedToCreateRouteException: Failed to create route route87 at: >>> Choice[[When[{header{action} == all} -> [To[GetAllATMs]]], When[{header{action} == inCity} -> [To[GetAllATMsInCity]]]]] <<< in route: Route(route87)[[From[direct:call]] -> [SetBody[{null}], Choi... because of No endpoint could be found for: GetAllATMs, please check your classpath contains the needed Camel component jar.
	at org.apache.camel.model.RouteDefinition.addRoutes(RouteDefinition.java:1072) ~[camel-core-2.17.2.jar:2.17.2]
	at org.apache.camel.model.RouteDefinition.addRoutes(RouteDefinition.java:196) ~[camel-core-2.17.2.jar:2.17.2]
	at org.apache.camel.impl.DefaultCamelContext.startRoute(DefaultCamelContext.java:974) ~[camel-core-2.17.2.jar:2.17.2]
	at org.apache.camel.impl.DefaultCamelContext.startRouteDefinitions(DefaultCamelContext.java:3301) ~[camel-core-2.17.2.jar:2.17.2]
	at org.apache.camel.impl.DefaultCamelContext.doStartCamel(DefaultCamelContext.java:3024) ~[camel-core-2.17.2.jar:2.17.2]
	at org.apache.camel.impl.DefaultCamelContext.access$000(DefaultCamelContext.java:175) ~[camel-core-2.17.2.jar:2.17.2]
	at org.apache.camel.impl.DefaultCamelContext$2.call(DefaultCamelContext.java:2854) ~[camel-core-2.17.2.jar:2.17.2]
	at org.apache.camel.impl.DefaultCamelContext$2.call(DefaultCamelContext.java:2850) ~[camel-core-2.17.2.jar:2.17.2]
	at org.apache.camel.impl.DefaultCamelContext.doWithDefinedClassLoader(DefaultCamelContext.java:2873) ~[camel-core-2.17.2.jar:2.17.2]
	at org.apache.camel.impl.DefaultCamelContext.doStart(DefaultCamelContext.java:2850) ~[camel-core-2.17.2.jar:2.17.2]
	at org.apache.camel.support.ServiceSupport.start(ServiceSupport.java:61) ~[camel-core-2.17.2.jar:2.17.2]
	at org.apache.camel.impl.DefaultCamelContext.start(DefaultCamelContext.java:2819) ~[camel-core-2.17.2.jar:2.17.2]
	at org.apache.camel.spring.boot.RoutesCollector.onApplicationEvent(RoutesCollector.java:116) ~[camel-spring-boot-2.17.0.jar:2.17.0]
	... 44 common frames omitted
Caused by: org.apache.camel.NoSuchEndpointException: No endpoint could be found for: GetAllATMs, please check your classpath contains the needed Camel component jar.
	at org.apache.camel.util.CamelContextHelper.getMandatoryEndpoint(CamelContextHelper.java:81) ~[camel-core-2.17.2.jar:2.17.2]
	at org.apache.camel.model.RouteDefinition.resolveEndpoint(RouteDefinition.java:211) ~[camel-core-2.17.2.jar:2.17.2]
	at org.apache.camel.impl.DefaultRouteContext.resolveEndpoint(DefaultRouteContext.java:107) ~[camel-core-2.17.2.jar:2.17.2]
	at org.apache.camel.impl.DefaultRouteContext.resolveEndpoint(DefaultRouteContext.java:113) ~[camel-core-2.17.2.jar:2.17.2]
	at org.apache.camel.model.SendDefinition.resolveEndpoint(SendDefinition.java:62) ~[camel-core-2.17.2.jar:2.17.2]
	at org.apache.camel.model.SendDefinition.createProcessor(SendDefinition.java:56) ~[camel-core-2.17.2.jar:2.17.2]
	at org.apache.camel.model.ProcessorDefinition.createProcessor(ProcessorDefinition.java:483) ~[camel-core-2.17.2.jar:2.17.2]
	at org.apache.camel.model.ProcessorDefinition.createOutputsProcessorImpl(ProcessorDefinition.java:446) ~[camel-core-2.17.2.jar:2.17.2]
	at org.apache.camel.model.ProcessorDefinition.createOutputsProcessor(ProcessorDefinition.java:413) ~[camel-core-2.17.2.jar:2.17.2]
	at org.apache.camel.model.ProcessorDefinition.createOutputsProcessor(ProcessorDefinition.java:165) ~[camel-core-2.17.2.jar:2.17.2]
	at org.apache.camel.model.ExpressionNode.createFilterProcessor(ExpressionNode.java:109) ~[camel-core-2.17.2.jar:2.17.2]
	at org.apache.camel.model.WhenDefinition.createProcessor(WhenDefinition.java:74) ~[camel-core-2.17.2.jar:2.17.2]
	at org.apache.camel.model.WhenDefinition.createProcessor(WhenDefinition.java:32) ~[camel-core-2.17.2.jar:2.17.2]
	at org.apache.camel.model.ProcessorDefinition.createProcessor(ProcessorDefinition.java:483) ~[camel-core-2.17.2.jar:2.17.2]
	at org.apache.camel.model.ChoiceDefinition.createProcessor(ChoiceDefinition.java:135) ~[camel-core-2.17.2.jar:2.17.2]
	at org.apache.camel.model.ProcessorDefinition.makeProcessorImpl(ProcessorDefinition.java:534) ~[camel-core-2.17.2.jar:2.17.2]
	at org.apache.camel.model.ProcessorDefinition.makeProcessor(ProcessorDefinition.java:495) ~[camel-core-2.17.2.jar:2.17.2]
	at org.apache.camel.model.ProcessorDefinition.addRoutes(ProcessorDefinition.java:219) ~[camel-core-2.17.2.jar:2.17.2]
	at org.apache.camel.model.RouteDefinition.addRoutes(RouteDefinition.java:1069) ~[camel-core-2.17.2.jar:2.17.2]
	... 56 common frames omitted

]]></system-out>
  </testcase>
  <testcase name="whenAdminPage_withoutRole_thenError" classname="com.ing.custom.web.SecurityTagControllerTest" time="0">
    <error message="Failed to load ApplicationContext" type="java.lang.IllegalStateException">java.lang.IllegalStateException: Failed to load ApplicationContext
	at org.apache.camel.util.CamelContextHelper.getMandatoryEndpoint(CamelContextHelper.java:81)
	at org.apache.camel.model.RouteDefinition.resolveEndpoint(RouteDefinition.java:211)
	at org.apache.camel.impl.DefaultRouteContext.resolveEndpoint(DefaultRouteContext.java:107)
	at org.apache.camel.impl.DefaultRouteContext.resolveEndpoint(DefaultRouteContext.java:113)
	at org.apache.camel.model.SendDefinition.resolveEndpoint(SendDefinition.java:62)
	at org.apache.camel.model.SendDefinition.createProcessor(SendDefinition.java:56)
	at org.apache.camel.model.ProcessorDefinition.createProcessor(ProcessorDefinition.java:483)
	at org.apache.camel.model.ProcessorDefinition.createOutputsProcessorImpl(ProcessorDefinition.java:446)
	at org.apache.camel.model.ProcessorDefinition.createOutputsProcessor(ProcessorDefinition.java:413)
	at org.apache.camel.model.ProcessorDefinition.createOutputsProcessor(ProcessorDefinition.java:165)
	at org.apache.camel.model.ExpressionNode.createFilterProcessor(ExpressionNode.java:109)
	at org.apache.camel.model.WhenDefinition.createProcessor(WhenDefinition.java:74)
	at org.apache.camel.model.WhenDefinition.createProcessor(WhenDefinition.java:32)
	at org.apache.camel.model.ProcessorDefinition.createProcessor(ProcessorDefinition.java:483)
	at org.apache.camel.model.ChoiceDefinition.createProcessor(ChoiceDefinition.java:135)
	at org.apache.camel.model.ProcessorDefinition.makeProcessorImpl(ProcessorDefinition.java:534)
	at org.apache.camel.model.ProcessorDefinition.makeProcessor(ProcessorDefinition.java:495)
	at org.apache.camel.model.ProcessorDefinition.addRoutes(ProcessorDefinition.java:219)
	at org.apache.camel.model.RouteDefinition.addRoutes(RouteDefinition.java:1069)
	at org.apache.camel.model.RouteDefinition.addRoutes(RouteDefinition.java:196)
	at org.apache.camel.impl.DefaultCamelContext.startRoute(DefaultCamelContext.java:974)
	at org.apache.camel.impl.DefaultCamelContext.startRouteDefinitions(DefaultCamelContext.java:3301)
	at org.apache.camel.impl.DefaultCamelContext.doStartCamel(DefaultCamelContext.java:3024)
	at org.apache.camel.impl.DefaultCamelContext.access$000(DefaultCamelContext.java:175)
	at org.apache.camel.impl.DefaultCamelContext$2.call(DefaultCamelContext.java:2854)
	at org.apache.camel.impl.DefaultCamelContext$2.call(DefaultCamelContext.java:2850)
	at org.apache.camel.impl.DefaultCamelContext.doWithDefinedClassLoader(DefaultCamelContext.java:2873)
	at org.apache.camel.impl.DefaultCamelContext.doStart(DefaultCamelContext.java:2850)
	at org.apache.camel.support.ServiceSupport.start(ServiceSupport.java:61)
	at org.apache.camel.impl.DefaultCamelContext.start(DefaultCamelContext.java:2819)
	at org.apache.camel.spring.boot.RoutesCollector.onApplicationEvent(RoutesCollector.java:116)
	at org.apache.camel.spring.boot.RoutesCollector.onApplicationEvent(RoutesCollector.java:41)
	at org.springframework.context.event.SimpleApplicationEventMulticaster.invokeListener(SimpleApplicationEventMulticaster.java:166)
	at org.springframework.context.event.SimpleApplicationEventMulticaster.multicastEvent(SimpleApplicationEventMulticaster.java:138)
	at org.springframework.context.support.AbstractApplicationContext.publishEvent(AbstractApplicationContext.java:383)
	at org.springframework.context.support.AbstractApplicationContext.publishEvent(AbstractApplicationContext.java:337)
	at org.springframework.context.support.AbstractApplicationContext.finishRefresh(AbstractApplicationContext.java:882)
	at org.springframework.context.support.AbstractApplicationContext.refresh(AbstractApplicationContext.java:545)
	at org.springframework.boot.SpringApplication.refresh(SpringApplication.java:766)
	at org.springframework.boot.SpringApplication.createAndRefreshContext(SpringApplication.java:361)
	at org.springframework.boot.SpringApplication.run(SpringApplication.java:307)
	at org.springframework.boot.test.SpringApplicationContextLoader.loadContext(SpringApplicationContextLoader.java:98)
	at org.springframework.test.context.cache.DefaultCacheAwareContextLoaderDelegate.loadContextInternal(DefaultCacheAwareContextLoaderDelegate.java:98)
	at org.springframework.test.context.cache.DefaultCacheAwareContextLoaderDelegate.loadContext(DefaultCacheAwareContextLoaderDelegate.java:116)
	at org.springframework.test.context.support.DefaultTestContext.getApplicationContext(DefaultTestContext.java:83)
	at org.springframework.test.context.web.ServletTestExecutionListener.setUpRequestContextIfNecessary(ServletTestExecutionListener.java:189)
	at org.springframework.test.context.web.ServletTestExecutionListener.prepareTestInstance(ServletTestExecutionListener.java:131)
	at org.springframework.test.context.TestContextManager.prepareTestInstance(TestContextManager.java:230)
	at org.springframework.test.context.junit4.SpringJUnit4ClassRunner.createTest(SpringJUnit4ClassRunner.java:228)
	at org.springframework.test.context.junit4.SpringJUnit4ClassRunner$1.runReflectiveCall(SpringJUnit4ClassRunner.java:287)
	at org.junit.internal.runners.model.ReflectiveCallable.run(ReflectiveCallable.java:12)
	at org.springframework.test.context.junit4.SpringJUnit4ClassRunner.methodBlock(SpringJUnit4ClassRunner.java:289)
	at org.springframework.test.context.junit4.SpringJUnit4ClassRunner.runChild(SpringJUnit4ClassRunner.java:247)
	at org.springframework.test.context.junit4.SpringJUnit4ClassRunner.runChild(SpringJUnit4ClassRunner.java:94)
	at org.junit.runners.ParentRunner$3.run(ParentRunner.java:290)
	at org.junit.runners.ParentRunner$1.schedule(ParentRunner.java:71)
	at org.junit.runners.ParentRunner.runChildren(ParentRunner.java:288)
	at org.junit.runners.ParentRunner.access$000(ParentRunner.java:58)
	at org.junit.runners.ParentRunner$2.evaluate(ParentRunner.java:268)
	at org.springframework.test.context.junit4.statements.RunBeforeTestClassCallbacks.evaluate(RunBeforeTestClassCallbacks.java:61)
	at org.springframework.test.context.junit4.statements.RunAfterTestClassCallbacks.evaluate(RunAfterTestClassCallbacks.java:70)
	at org.junit.runners.ParentRunner.run(ParentRunner.java:363)
	at org.springframework.test.context.junit4.SpringJUnit4ClassRunner.run(SpringJUnit4ClassRunner.java:191)
	at org.apache.maven.surefire.junit4.JUnit4Provider.execute(JUnit4Provider.java:264)
	at org.apache.maven.surefire.junit4.JUnit4Provider.executeTestSet(JUnit4Provider.java:153)
	at org.apache.maven.surefire.junit4.JUnit4Provider.invoke(JUnit4Provider.java:124)
	at sun.reflect.NativeMethodAccessorImpl.invoke0(Native Method)
	at sun.reflect.NativeMethodAccessorImpl.invoke(NativeMethodAccessorImpl.java:62)
	at sun.reflect.DelegatingMethodAccessorImpl.invoke(DelegatingMethodAccessorImpl.java:43)
	at java.lang.reflect.Method.invoke(Method.java:498)
	at org.apache.maven.surefire.util.ReflectionUtils.invokeMethodWithArray2(ReflectionUtils.java:208)
	at org.apache.maven.surefire.booter.ProviderFactory$ProviderProxy.invoke(ProviderFactory.java:159)
	at org.apache.maven.surefire.booter.ProviderFactory.invokeProvider(ProviderFactory.java:87)
	at org.apache.maven.surefire.booter.ForkedBooter.runSuitesInProcess(ForkedBooter.java:153)
	at org.apache.maven.surefire.booter.ForkedBooter.main(ForkedBooter.java:95)
</error>
    <system-out><![CDATA[
  .   ____          _            __ _ _
 /\\ / ___'_ __ _ _(_)_ __  __ _ \ \ \ \
( ( )\___ | '_ | '_| | '_ \/ _` | \ \ \ \
 \\/  ___)| |_)| | | | | || (_| |  ) ) ) )
  '  |____| .__|_| |_|_| |_\__, | / / / /
 =========|_|==============|___/=/_/_/_/
 :: Spring Boot ::        (v1.3.3.RELEASE)

2017-04-10 19:13:40.023  INFO 8220 --- [           main] c.i.c.web.SecurityTagControllerTest      : Starting SecurityTagControllerTest on PPL882039FC with PID 8220 (C:\Users\normsby\Documents\NetBeansProjects\ING_ATM_Locator\target\test-classes started by normsby in C:\Users\normsby\Documents\NetBeansProjects\ING_ATM_Locator)
2017-04-10 19:13:40.023  INFO 8220 --- [           main] c.i.c.web.SecurityTagControllerTest      : No active profile set, falling back to default profiles: default
2017-04-10 19:13:40.023  INFO 8220 --- [           main] o.s.w.c.s.GenericWebApplicationContext   : Refreshing org.springframework.web.context.support.GenericWebApplicationContext@111741cd: startup date [Mon Apr 10 19:13:40 EDT 2017]; root of context hierarchy
2017-04-10 19:13:40.323  INFO 8220 --- [           main] trationDelegate$BeanPostProcessorChecker : Bean 'org.springframework.security.config.annotation.configuration.ObjectPostProcessorConfiguration' of type [class org.springframework.security.config.annotation.configuration.ObjectPostProcessorConfiguration$$EnhancerBySpringCGLIB$$da46e5e5] is not eligible for getting processed by all BeanPostProcessors (for example: not eligible for auto-proxying)
2017-04-10 19:13:40.333  INFO 8220 --- [           main] trationDelegate$BeanPostProcessorChecker : Bean 'objectPostProcessor' of type [class org.springframework.security.config.annotation.configuration.AutowireBeanFactoryObjectPostProcessor] is not eligible for getting processed by all BeanPostProcessors (for example: not eligible for auto-proxying)
2017-04-10 19:13:40.333  INFO 8220 --- [           main] trationDelegate$BeanPostProcessorChecker : Bean 'org.springframework.security.access.expression.method.DefaultMethodSecurityExpressionHandler@560bcb57' of type [class org.springframework.security.access.expression.method.DefaultMethodSecurityExpressionHandler] is not eligible for getting processed by all BeanPostProcessors (for example: not eligible for auto-proxying)
2017-04-10 19:13:40.333  INFO 8220 --- [           main] trationDelegate$BeanPostProcessorChecker : Bean 'org.springframework.security.config.annotation.method.configuration.GlobalMethodSecurityConfiguration' of type [class org.springframework.security.config.annotation.method.configuration.GlobalMethodSecurityConfiguration$$EnhancerBySpringCGLIB$$ff1b8897] is not eligible for getting processed by all BeanPostProcessors (for example: not eligible for auto-proxying)
2017-04-10 19:13:40.333  INFO 8220 --- [           main] trationDelegate$BeanPostProcessorChecker : Bean 'methodSecurityMetadataSource' of type [class org.springframework.security.access.method.DelegatingMethodSecurityMetadataSource] is not eligible for getting processed by all BeanPostProcessors (for example: not eligible for auto-proxying)
2017-04-10 19:13:40.343  INFO 8220 --- [           main] trationDelegate$BeanPostProcessorChecker : Bean 'org.apache.camel.spring.boot.CamelAutoConfiguration' of type [class org.apache.camel.spring.boot.CamelAutoConfiguration$$EnhancerBySpringCGLIB$$63c2e3ca] is not eligible for getting processed by all BeanPostProcessors (for example: not eligible for auto-proxying)
2017-04-10 19:13:40.723  INFO 8220 --- [           main] o.s.s.web.DefaultSecurityFilterChain     : Creating filter chain: org.springframework.security.web.util.matcher.AnyRequestMatcher@1, [org.springframework.security.web.context.request.async.WebAsyncManagerIntegrationFilter@41cc5e46, org.springframework.security.web.context.SecurityContextPersistenceFilter@1d18e847, org.springframework.security.web.header.HeaderWriterFilter@33c9941b, org.springframework.security.web.csrf.CsrfFilter@7d5d2348, org.springframework.security.web.authentication.logout.LogoutFilter@4e15dd9d, org.springframework.security.web.authentication.UsernamePasswordAuthenticationFilter@6b2e8203, org.springframework.security.web.savedrequest.RequestCacheAwareFilter@6675b318, org.springframework.security.web.servletapi.SecurityContextHolderAwareRequestFilter@19e38a81, org.springframework.security.web.authentication.AnonymousAuthenticationFilter@35d4434c, org.springframework.security.web.session.SessionManagementFilter@9cbdd55, org.springframework.security.web.access.ExceptionTranslationFilter@41675e32, org.springframework.security.web.access.intercept.FilterSecurityInterceptor@10948a76]
2017-04-10 19:13:40.806  INFO 8220 --- [           main] s.w.s.m.m.a.RequestMappingHandlerAdapter : Looking for @ControllerAdvice: org.springframework.web.context.support.GenericWebApplicationContext@111741cd: startup date [Mon Apr 10 19:13:40 EDT 2017]; root of context hierarchy
2017-04-10 19:13:40.826  INFO 8220 --- [           main] s.w.s.m.m.a.RequestMappingHandlerMapping : Mapped "{[/error]}" onto public java.lang.String com.ing.error.CustomErrorController.customError(org.springframework.ui.Model,javax.servlet.http.HttpServletRequest)
2017-04-10 19:13:40.826  INFO 8220 --- [           main] s.w.s.m.m.a.RequestMappingHandlerMapping : Mapped "{[/403]}" onto public java.lang.String com.ing.error.CustomErrorController.unauthorised(org.springframework.ui.Model,javax.servlet.http.HttpServletRequest)
2017-04-10 19:13:40.826  INFO 8220 --- [           main] s.w.s.m.m.a.RequestMappingHandlerMapping : Mapped "{[/index],methods=[GET]}" onto public java.lang.String com.ing.web.MainController.index()
2017-04-10 19:13:40.826  INFO 8220 --- [           main] s.w.s.m.m.a.RequestMappingHandlerMapping : Mapped "{[/],methods=[GET]}" onto public java.lang.String com.ing.web.MainController.root()
2017-04-10 19:13:40.826  INFO 8220 --- [           main] s.w.s.m.m.a.RequestMappingHandlerMapping : Mapped "{[/login-error],methods=[GET]}" onto public java.lang.String com.ing.web.MainController.loginError(org.springframework.ui.Model)
2017-04-10 19:13:40.826  INFO 8220 --- [           main] s.w.s.m.m.a.RequestMappingHandlerMapping : Mapped "{[/login],methods=[GET]}" onto public java.lang.String com.ing.web.MainController.login()
2017-04-10 19:13:40.826  INFO 8220 --- [           main] s.w.s.m.m.a.RequestMappingHandlerMapping : Mapped "{[/admin/index],methods=[GET]}" onto public java.lang.String com.ing.web.MainController.adminIndex()
2017-04-10 19:13:40.826  INFO 8220 --- [           main] s.w.s.m.m.a.RequestMappingHandlerMapping : Mapped "{[/user/index],methods=[GET]}" onto public java.lang.String com.ing.web.MainController.userIndex()
2017-04-10 19:13:40.826  INFO 8220 --- [           main] s.w.s.m.m.a.RequestMappingHandlerMapping : Mapped "{[/public/index],methods=[GET]}" onto public java.lang.String com.ing.web.MainController.publicIndex()
2017-04-10 19:13:40.826  INFO 8220 --- [           main] s.w.s.m.m.a.RequestMappingHandlerMapping : Mapped "{[/extra/index],methods=[GET]}" onto public java.lang.String com.ing.web.MainController.extraIndex()
2017-04-10 19:13:40.836  INFO 8220 --- [           main] s.w.s.m.m.a.RequestMappingHandlerMapping : Mapped "{[/tags/index],methods=[GET]}" onto public java.lang.String com.ing.web.SecurityTagController.index(org.springframework.security.core.userdetails.User)
2017-04-10 19:13:40.836  INFO 8220 --- [           main] s.w.s.m.m.a.RequestMappingHandlerMapping : Mapped "{[/tags/admin/index],methods=[GET]}" onto public java.lang.String com.ing.web.SecurityTagController.adminIndex(org.springframework.security.core.userdetails.User)
2017-04-10 19:13:40.836  INFO 8220 --- [           main] s.w.s.m.m.a.RequestMappingHandlerMapping : Mapped "{[/tags/extra/index],methods=[GET]}" onto public java.lang.String com.ing.web.SecurityTagController.extraUser(org.springframework.security.core.userdetails.User)
2017-04-10 19:13:40.836  INFO 8220 --- [           main] s.w.s.m.m.a.RequestMappingHandlerMapping : Mapped "{[/tags/user/index],methods=[GET]}" onto public java.lang.String com.ing.web.SecurityTagController.userIndex(org.springframework.security.core.userdetails.User)
2017-04-10 19:13:40.916  INFO 8220 --- [           main] o.s.w.s.handler.SimpleUrlHandlerMapping  : Mapped URL path [/webjars/**] onto handler of type [class org.springframework.web.servlet.resource.ResourceHttpRequestHandler]
2017-04-10 19:13:40.916  INFO 8220 --- [           main] o.s.w.s.handler.SimpleUrlHandlerMapping  : Mapped URL path [/**] onto handler of type [class org.springframework.web.servlet.resource.ResourceHttpRequestHandler]
2017-04-10 19:13:40.956  INFO 8220 --- [           main] o.s.w.s.handler.SimpleUrlHandlerMapping  : Mapped URL path [/**/favicon.ico] onto handler of type [class org.springframework.web.servlet.resource.ResourceHttpRequestHandler]
2017-04-10 19:13:41.036  INFO 8220 --- [           main] o.a.c.i.converter.DefaultTypeConverter   : Loaded 191 type converters
2017-04-10 19:13:41.136  INFO 8220 --- [           main] o.a.camel.spring.boot.RoutesCollector    : Loading additional Camel XML routes from: classpath:camel/*.xml
2017-04-10 19:13:41.136  INFO 8220 --- [           main] o.a.camel.spring.boot.RoutesCollector    : Loading additional Camel XML rests from: classpath:camel-rest/*.xml
2017-04-10 19:13:41.136  INFO 8220 --- [           main] o.a.camel.spring.SpringCamelContext      : Apache Camel 2.17.2 (CamelContext: camel-30) is starting
2017-04-10 19:13:41.136  INFO 8220 --- [           main] o.a.c.m.ManagedManagementStrategy        : JMX is enabled
2017-04-10 19:13:41.146  INFO 8220 --- [           main] o.a.c.i.DefaultRuntimeEndpointRegistry   : Runtime endpoint registry is in extended mode gathering usage statistics of all incoming and outgoing endpoints (cache limit: 1000)
2017-04-10 19:13:41.166  INFO 8220 --- [           main] o.a.camel.spring.SpringCamelContext      : Apache Camel 2.17.2 (CamelContext: camel-30) is shutting down
2017-04-10 19:13:41.166  INFO 8220 --- [           main] o.a.camel.spring.SpringCamelContext      : Apache Camel 2.17.2 (CamelContext: camel-30) uptime 0.030 seconds
2017-04-10 19:13:41.166  INFO 8220 --- [           main] o.a.camel.spring.SpringCamelContext      : Apache Camel 2.17.2 (CamelContext: camel-30) is shutdown in 0.000 seconds
2017-04-10 19:13:41.176 ERROR 8220 --- [           main] o.s.boot.SpringApplication               : Application startup failed

org.apache.camel.spring.boot.CamelSpringBootInitializationException: org.apache.camel.FailedToCreateRouteException: Failed to create route route90 at: >>> Choice[[When[{header{action} == all} -> [To[GetAllATMs]]], When[{header{action} == inCity} -> [To[GetAllATMsInCity]]]]] <<< in route: Route(route90)[[From[direct:call]] -> [SetBody[{null}], Choi... because of No endpoint could be found for: GetAllATMs, please check your classpath contains the needed Camel component jar.
	at org.apache.camel.spring.boot.RoutesCollector.onApplicationEvent(RoutesCollector.java:126) ~[camel-spring-boot-2.17.0.jar:2.17.0]
	at org.apache.camel.spring.boot.RoutesCollector.onApplicationEvent(RoutesCollector.java:41) ~[camel-spring-boot-2.17.0.jar:2.17.0]
	at org.springframework.context.event.SimpleApplicationEventMulticaster.invokeListener(SimpleApplicationEventMulticaster.java:166) ~[spring-context-4.3.4.RELEASE.jar:4.3.4.RELEASE]
	at org.springframework.context.event.SimpleApplicationEventMulticaster.multicastEvent(SimpleApplicationEventMulticaster.java:138) ~[spring-context-4.3.4.RELEASE.jar:4.3.4.RELEASE]
	at org.springframework.context.support.AbstractApplicationContext.publishEvent(AbstractApplicationContext.java:383) ~[spring-context-4.3.4.RELEASE.jar:4.3.4.RELEASE]
	at org.springframework.context.support.AbstractApplicationContext.publishEvent(AbstractApplicationContext.java:337) ~[spring-context-4.3.4.RELEASE.jar:4.3.4.RELEASE]
	at org.springframework.context.support.AbstractApplicationContext.finishRefresh(AbstractApplicationContext.java:882) ~[spring-context-4.3.4.RELEASE.jar:4.3.4.RELEASE]
	at org.springframework.context.support.AbstractApplicationContext.refresh(AbstractApplicationContext.java:545) ~[spring-context-4.3.4.RELEASE.jar:4.3.4.RELEASE]
	at org.springframework.boot.SpringApplication.refresh(SpringApplication.java:766) ~[spring-boot-1.3.3.RELEASE.jar:1.3.3.RELEASE]
	at org.springframework.boot.SpringApplication.createAndRefreshContext(SpringApplication.java:361) ~[spring-boot-1.3.3.RELEASE.jar:1.3.3.RELEASE]
	at org.springframework.boot.SpringApplication.run(SpringApplication.java:307) ~[spring-boot-1.3.3.RELEASE.jar:1.3.3.RELEASE]
	at org.springframework.boot.test.SpringApplicationContextLoader.loadContext(SpringApplicationContextLoader.java:98) [spring-boot-1.3.3.RELEASE.jar:1.3.3.RELEASE]
	at org.springframework.test.context.cache.DefaultCacheAwareContextLoaderDelegate.loadContextInternal(DefaultCacheAwareContextLoaderDelegate.java:98) [spring-test-4.3.4.RELEASE.jar:4.3.4.RELEASE]
	at org.springframework.test.context.cache.DefaultCacheAwareContextLoaderDelegate.loadContext(DefaultCacheAwareContextLoaderDelegate.java:116) [spring-test-4.3.4.RELEASE.jar:4.3.4.RELEASE]
	at org.springframework.test.context.support.DefaultTestContext.getApplicationContext(DefaultTestContext.java:83) [spring-test-4.3.4.RELEASE.jar:4.3.4.RELEASE]
	at org.springframework.test.context.web.ServletTestExecutionListener.setUpRequestContextIfNecessary(ServletTestExecutionListener.java:189) [spring-test-4.3.4.RELEASE.jar:4.3.4.RELEASE]
	at org.springframework.test.context.web.ServletTestExecutionListener.prepareTestInstance(ServletTestExecutionListener.java:131) [spring-test-4.3.4.RELEASE.jar:4.3.4.RELEASE]
	at org.springframework.test.context.TestContextManager.prepareTestInstance(TestContextManager.java:230) [spring-test-4.3.4.RELEASE.jar:4.3.4.RELEASE]
	at org.springframework.test.context.junit4.SpringJUnit4ClassRunner.createTest(SpringJUnit4ClassRunner.java:228) [spring-test-4.3.4.RELEASE.jar:4.3.4.RELEASE]
	at org.springframework.test.context.junit4.SpringJUnit4ClassRunner$1.runReflectiveCall(SpringJUnit4ClassRunner.java:287) [spring-test-4.3.4.RELEASE.jar:4.3.4.RELEASE]
	at org.junit.internal.runners.model.ReflectiveCallable.run(ReflectiveCallable.java:12) [junit-4.12.jar:4.12]
	at org.springframework.test.context.junit4.SpringJUnit4ClassRunner.methodBlock(SpringJUnit4ClassRunner.java:289) [spring-test-4.3.4.RELEASE.jar:4.3.4.RELEASE]
	at org.springframework.test.context.junit4.SpringJUnit4ClassRunner.runChild(SpringJUnit4ClassRunner.java:247) [spring-test-4.3.4.RELEASE.jar:4.3.4.RELEASE]
	at org.springframework.test.context.junit4.SpringJUnit4ClassRunner.runChild(SpringJUnit4ClassRunner.java:94) [spring-test-4.3.4.RELEASE.jar:4.3.4.RELEASE]
	at org.junit.runners.ParentRunner$3.run(ParentRunner.java:290) [junit-4.12.jar:4.12]
	at org.junit.runners.ParentRunner$1.schedule(ParentRunner.java:71) [junit-4.12.jar:4.12]
	at org.junit.runners.ParentRunner.runChildren(ParentRunner.java:288) [junit-4.12.jar:4.12]
	at org.junit.runners.ParentRunner.access$000(ParentRunner.java:58) [junit-4.12.jar:4.12]
	at org.junit.runners.ParentRunner$2.evaluate(ParentRunner.java:268) [junit-4.12.jar:4.12]
	at org.springframework.test.context.junit4.statements.RunBeforeTestClassCallbacks.evaluate(RunBeforeTestClassCallbacks.java:61) [spring-test-4.3.4.RELEASE.jar:4.3.4.RELEASE]
	at org.springframework.test.context.junit4.statements.RunAfterTestClassCallbacks.evaluate(RunAfterTestClassCallbacks.java:70) [spring-test-4.3.4.RELEASE.jar:4.3.4.RELEASE]
	at org.junit.runners.ParentRunner.run(ParentRunner.java:363) [junit-4.12.jar:4.12]
	at org.springframework.test.context.junit4.SpringJUnit4ClassRunner.run(SpringJUnit4ClassRunner.java:191) [spring-test-4.3.4.RELEASE.jar:4.3.4.RELEASE]
	at org.apache.maven.surefire.junit4.JUnit4Provider.execute(JUnit4Provider.java:264) [surefire-junit4-2.14.1.jar:2.14.1]
	at org.apache.maven.surefire.junit4.JUnit4Provider.executeTestSet(JUnit4Provider.java:153) [surefire-junit4-2.14.1.jar:2.14.1]
	at org.apache.maven.surefire.junit4.JUnit4Provider.invoke(JUnit4Provider.java:124) [surefire-junit4-2.14.1.jar:2.14.1]
	at sun.reflect.NativeMethodAccessorImpl.invoke0(Native Method) ~[na:1.8.0_121]
	at sun.reflect.NativeMethodAccessorImpl.invoke(NativeMethodAccessorImpl.java:62) ~[na:1.8.0_121]
	at sun.reflect.DelegatingMethodAccessorImpl.invoke(DelegatingMethodAccessorImpl.java:43) ~[na:1.8.0_121]
	at java.lang.reflect.Method.invoke(Method.java:498) ~[na:1.8.0_121]
	at org.apache.maven.surefire.util.ReflectionUtils.invokeMethodWithArray2(ReflectionUtils.java:208) [surefire-api-2.14.1.jar:2.14.1]
	at org.apache.maven.surefire.booter.ProviderFactory$ProviderProxy.invoke(ProviderFactory.java:159) [surefire-booter-2.14.1.jar:2.14.1]
	at org.apache.maven.surefire.booter.ProviderFactory.invokeProvider(ProviderFactory.java:87) [surefire-booter-2.14.1.jar:2.14.1]
	at org.apache.maven.surefire.booter.ForkedBooter.runSuitesInProcess(ForkedBooter.java:153) [surefire-booter-2.14.1.jar:2.14.1]
	at org.apache.maven.surefire.booter.ForkedBooter.main(ForkedBooter.java:95) [surefire-booter-2.14.1.jar:2.14.1]
Caused by: org.apache.camel.FailedToCreateRouteException: Failed to create route route90 at: >>> Choice[[When[{header{action} == all} -> [To[GetAllATMs]]], When[{header{action} == inCity} -> [To[GetAllATMsInCity]]]]] <<< in route: Route(route90)[[From[direct:call]] -> [SetBody[{null}], Choi... because of No endpoint could be found for: GetAllATMs, please check your classpath contains the needed Camel component jar.
	at org.apache.camel.model.RouteDefinition.addRoutes(RouteDefinition.java:1072) ~[camel-core-2.17.2.jar:2.17.2]
	at org.apache.camel.model.RouteDefinition.addRoutes(RouteDefinition.java:196) ~[camel-core-2.17.2.jar:2.17.2]
	at org.apache.camel.impl.DefaultCamelContext.startRoute(DefaultCamelContext.java:974) ~[camel-core-2.17.2.jar:2.17.2]
	at org.apache.camel.impl.DefaultCamelContext.startRouteDefinitions(DefaultCamelContext.java:3301) ~[camel-core-2.17.2.jar:2.17.2]
	at org.apache.camel.impl.DefaultCamelContext.doStartCamel(DefaultCamelContext.java:3024) ~[camel-core-2.17.2.jar:2.17.2]
	at org.apache.camel.impl.DefaultCamelContext.access$000(DefaultCamelContext.java:175) ~[camel-core-2.17.2.jar:2.17.2]
	at org.apache.camel.impl.DefaultCamelContext$2.call(DefaultCamelContext.java:2854) ~[camel-core-2.17.2.jar:2.17.2]
	at org.apache.camel.impl.DefaultCamelContext$2.call(DefaultCamelContext.java:2850) ~[camel-core-2.17.2.jar:2.17.2]
	at org.apache.camel.impl.DefaultCamelContext.doWithDefinedClassLoader(DefaultCamelContext.java:2873) ~[camel-core-2.17.2.jar:2.17.2]
	at org.apache.camel.impl.DefaultCamelContext.doStart(DefaultCamelContext.java:2850) ~[camel-core-2.17.2.jar:2.17.2]
	at org.apache.camel.support.ServiceSupport.start(ServiceSupport.java:61) ~[camel-core-2.17.2.jar:2.17.2]
	at org.apache.camel.impl.DefaultCamelContext.start(DefaultCamelContext.java:2819) ~[camel-core-2.17.2.jar:2.17.2]
	at org.apache.camel.spring.boot.RoutesCollector.onApplicationEvent(RoutesCollector.java:116) ~[camel-spring-boot-2.17.0.jar:2.17.0]
	... 44 common frames omitted
Caused by: org.apache.camel.NoSuchEndpointException: No endpoint could be found for: GetAllATMs, please check your classpath contains the needed Camel component jar.
	at org.apache.camel.util.CamelContextHelper.getMandatoryEndpoint(CamelContextHelper.java:81) ~[camel-core-2.17.2.jar:2.17.2]
	at org.apache.camel.model.RouteDefinition.resolveEndpoint(RouteDefinition.java:211) ~[camel-core-2.17.2.jar:2.17.2]
	at org.apache.camel.impl.DefaultRouteContext.resolveEndpoint(DefaultRouteContext.java:107) ~[camel-core-2.17.2.jar:2.17.2]
	at org.apache.camel.impl.DefaultRouteContext.resolveEndpoint(DefaultRouteContext.java:113) ~[camel-core-2.17.2.jar:2.17.2]
	at org.apache.camel.model.SendDefinition.resolveEndpoint(SendDefinition.java:62) ~[camel-core-2.17.2.jar:2.17.2]
	at org.apache.camel.model.SendDefinition.createProcessor(SendDefinition.java:56) ~[camel-core-2.17.2.jar:2.17.2]
	at org.apache.camel.model.ProcessorDefinition.createProcessor(ProcessorDefinition.java:483) ~[camel-core-2.17.2.jar:2.17.2]
	at org.apache.camel.model.ProcessorDefinition.createOutputsProcessorImpl(ProcessorDefinition.java:446) ~[camel-core-2.17.2.jar:2.17.2]
	at org.apache.camel.model.ProcessorDefinition.createOutputsProcessor(ProcessorDefinition.java:413) ~[camel-core-2.17.2.jar:2.17.2]
	at org.apache.camel.model.ProcessorDefinition.createOutputsProcessor(ProcessorDefinition.java:165) ~[camel-core-2.17.2.jar:2.17.2]
	at org.apache.camel.model.ExpressionNode.createFilterProcessor(ExpressionNode.java:109) ~[camel-core-2.17.2.jar:2.17.2]
	at org.apache.camel.model.WhenDefinition.createProcessor(WhenDefinition.java:74) ~[camel-core-2.17.2.jar:2.17.2]
	at org.apache.camel.model.WhenDefinition.createProcessor(WhenDefinition.java:32) ~[camel-core-2.17.2.jar:2.17.2]
	at org.apache.camel.model.ProcessorDefinition.createProcessor(ProcessorDefinition.java:483) ~[camel-core-2.17.2.jar:2.17.2]
	at org.apache.camel.model.ChoiceDefinition.createProcessor(ChoiceDefinition.java:135) ~[camel-core-2.17.2.jar:2.17.2]
	at org.apache.camel.model.ProcessorDefinition.makeProcessorImpl(ProcessorDefinition.java:534) ~[camel-core-2.17.2.jar:2.17.2]
	at org.apache.camel.model.ProcessorDefinition.makeProcessor(ProcessorDefinition.java:495) ~[camel-core-2.17.2.jar:2.17.2]
	at org.apache.camel.model.ProcessorDefinition.addRoutes(ProcessorDefinition.java:219) ~[camel-core-2.17.2.jar:2.17.2]
	at org.apache.camel.model.RouteDefinition.addRoutes(RouteDefinition.java:1069) ~[camel-core-2.17.2.jar:2.17.2]
	... 56 common frames omitted

2017-04-10 19:13:41.176  INFO 8220 --- [           main] .b.l.ClasspathLoggingApplicationListener : Application failed to start with classpath: [file:/C:/Users/normsby/Documents/NetBeansProjects/ING_ATM_Locator/target/surefire/surefirebooter5636998128895282040.jar, file:/C:/Users/normsby/.m2/repository/org/jacoco/org.jacoco.agent/0.7.5.201505241946/org.jacoco.agent-0.7.5.201505241946-runtime.jar]
2017-04-10 19:13:41.176 ERROR 8220 --- [           main] o.s.test.context.TestContextManager      : Caught exception while allowing TestExecutionListener [org.springframework.test.context.web.ServletTestExecutionListener@15f68bcc] to prepare test instance [com.ing.custom.web.SecurityTagControllerTest@1969240]

java.lang.IllegalStateException: Failed to load ApplicationContext
	at org.springframework.test.context.cache.DefaultCacheAwareContextLoaderDelegate.loadContext(DefaultCacheAwareContextLoaderDelegate.java:124) ~[spring-test-4.3.4.RELEASE.jar:4.3.4.RELEASE]
	at org.springframework.test.context.support.DefaultTestContext.getApplicationContext(DefaultTestContext.java:83) ~[spring-test-4.3.4.RELEASE.jar:4.3.4.RELEASE]
	at org.springframework.test.context.web.ServletTestExecutionListener.setUpRequestContextIfNecessary(ServletTestExecutionListener.java:189) ~[spring-test-4.3.4.RELEASE.jar:4.3.4.RELEASE]
	at org.springframework.test.context.web.ServletTestExecutionListener.prepareTestInstance(ServletTestExecutionListener.java:131) ~[spring-test-4.3.4.RELEASE.jar:4.3.4.RELEASE]
	at org.springframework.test.context.TestContextManager.prepareTestInstance(TestContextManager.java:230) ~[spring-test-4.3.4.RELEASE.jar:4.3.4.RELEASE]
	at org.springframework.test.context.junit4.SpringJUnit4ClassRunner.createTest(SpringJUnit4ClassRunner.java:228) [spring-test-4.3.4.RELEASE.jar:4.3.4.RELEASE]
	at org.springframework.test.context.junit4.SpringJUnit4ClassRunner$1.runReflectiveCall(SpringJUnit4ClassRunner.java:287) [spring-test-4.3.4.RELEASE.jar:4.3.4.RELEASE]
	at org.junit.internal.runners.model.ReflectiveCallable.run(ReflectiveCallable.java:12) [junit-4.12.jar:4.12]
	at org.springframework.test.context.junit4.SpringJUnit4ClassRunner.methodBlock(SpringJUnit4ClassRunner.java:289) [spring-test-4.3.4.RELEASE.jar:4.3.4.RELEASE]
	at org.springframework.test.context.junit4.SpringJUnit4ClassRunner.runChild(SpringJUnit4ClassRunner.java:247) [spring-test-4.3.4.RELEASE.jar:4.3.4.RELEASE]
	at org.springframework.test.context.junit4.SpringJUnit4ClassRunner.runChild(SpringJUnit4ClassRunner.java:94) [spring-test-4.3.4.RELEASE.jar:4.3.4.RELEASE]
	at org.junit.runners.ParentRunner$3.run(ParentRunner.java:290) [junit-4.12.jar:4.12]
	at org.junit.runners.ParentRunner$1.schedule(ParentRunner.java:71) [junit-4.12.jar:4.12]
	at org.junit.runners.ParentRunner.runChildren(ParentRunner.java:288) [junit-4.12.jar:4.12]
	at org.junit.runners.ParentRunner.access$000(ParentRunner.java:58) [junit-4.12.jar:4.12]
	at org.junit.runners.ParentRunner$2.evaluate(ParentRunner.java:268) [junit-4.12.jar:4.12]
	at org.springframework.test.context.junit4.statements.RunBeforeTestClassCallbacks.evaluate(RunBeforeTestClassCallbacks.java:61) [spring-test-4.3.4.RELEASE.jar:4.3.4.RELEASE]
	at org.springframework.test.context.junit4.statements.RunAfterTestClassCallbacks.evaluate(RunAfterTestClassCallbacks.java:70) [spring-test-4.3.4.RELEASE.jar:4.3.4.RELEASE]
	at org.junit.runners.ParentRunner.run(ParentRunner.java:363) [junit-4.12.jar:4.12]
	at org.springframework.test.context.junit4.SpringJUnit4ClassRunner.run(SpringJUnit4ClassRunner.java:191) [spring-test-4.3.4.RELEASE.jar:4.3.4.RELEASE]
	at org.apache.maven.surefire.junit4.JUnit4Provider.execute(JUnit4Provider.java:264) [surefire-junit4-2.14.1.jar:2.14.1]
	at org.apache.maven.surefire.junit4.JUnit4Provider.executeTestSet(JUnit4Provider.java:153) [surefire-junit4-2.14.1.jar:2.14.1]
	at org.apache.maven.surefire.junit4.JUnit4Provider.invoke(JUnit4Provider.java:124) [surefire-junit4-2.14.1.jar:2.14.1]
	at sun.reflect.NativeMethodAccessorImpl.invoke0(Native Method) ~[na:1.8.0_121]
	at sun.reflect.NativeMethodAccessorImpl.invoke(NativeMethodAccessorImpl.java:62) ~[na:1.8.0_121]
	at sun.reflect.DelegatingMethodAccessorImpl.invoke(DelegatingMethodAccessorImpl.java:43) ~[na:1.8.0_121]
	at java.lang.reflect.Method.invoke(Method.java:498) ~[na:1.8.0_121]
	at org.apache.maven.surefire.util.ReflectionUtils.invokeMethodWithArray2(ReflectionUtils.java:208) [surefire-api-2.14.1.jar:2.14.1]
	at org.apache.maven.surefire.booter.ProviderFactory$ProviderProxy.invoke(ProviderFactory.java:159) [surefire-booter-2.14.1.jar:2.14.1]
	at org.apache.maven.surefire.booter.ProviderFactory.invokeProvider(ProviderFactory.java:87) [surefire-booter-2.14.1.jar:2.14.1]
	at org.apache.maven.surefire.booter.ForkedBooter.runSuitesInProcess(ForkedBooter.java:153) [surefire-booter-2.14.1.jar:2.14.1]
	at org.apache.maven.surefire.booter.ForkedBooter.main(ForkedBooter.java:95) [surefire-booter-2.14.1.jar:2.14.1]
Caused by: org.apache.camel.spring.boot.CamelSpringBootInitializationException: org.apache.camel.FailedToCreateRouteException: Failed to create route route90 at: >>> Choice[[When[{header{action} == all} -> [To[GetAllATMs]]], When[{header{action} == inCity} -> [To[GetAllATMsInCity]]]]] <<< in route: Route(route90)[[From[direct:call]] -> [SetBody[{null}], Choi... because of No endpoint could be found for: GetAllATMs, please check your classpath contains the needed Camel component jar.
	at org.apache.camel.spring.boot.RoutesCollector.onApplicationEvent(RoutesCollector.java:126) ~[camel-spring-boot-2.17.0.jar:2.17.0]
	at org.apache.camel.spring.boot.RoutesCollector.onApplicationEvent(RoutesCollector.java:41) ~[camel-spring-boot-2.17.0.jar:2.17.0]
	at org.springframework.context.event.SimpleApplicationEventMulticaster.invokeListener(SimpleApplicationEventMulticaster.java:166) ~[spring-context-4.3.4.RELEASE.jar:4.3.4.RELEASE]
	at org.springframework.context.event.SimpleApplicationEventMulticaster.multicastEvent(SimpleApplicationEventMulticaster.java:138) ~[spring-context-4.3.4.RELEASE.jar:4.3.4.RELEASE]
	at org.springframework.context.support.AbstractApplicationContext.publishEvent(AbstractApplicationContext.java:383) ~[spring-context-4.3.4.RELEASE.jar:4.3.4.RELEASE]
	at org.springframework.context.support.AbstractApplicationContext.publishEvent(AbstractApplicationContext.java:337) ~[spring-context-4.3.4.RELEASE.jar:4.3.4.RELEASE]
	at org.springframework.context.support.AbstractApplicationContext.finishRefresh(AbstractApplicationContext.java:882) ~[spring-context-4.3.4.RELEASE.jar:4.3.4.RELEASE]
	at org.springframework.context.support.AbstractApplicationContext.refresh(AbstractApplicationContext.java:545) ~[spring-context-4.3.4.RELEASE.jar:4.3.4.RELEASE]
	at org.springframework.boot.SpringApplication.refresh(SpringApplication.java:766) ~[spring-boot-1.3.3.RELEASE.jar:1.3.3.RELEASE]
	at org.springframework.boot.SpringApplication.createAndRefreshContext(SpringApplication.java:361) ~[spring-boot-1.3.3.RELEASE.jar:1.3.3.RELEASE]
	at org.springframework.boot.SpringApplication.run(SpringApplication.java:307) ~[spring-boot-1.3.3.RELEASE.jar:1.3.3.RELEASE]
	at org.springframework.boot.test.SpringApplicationContextLoader.loadContext(SpringApplicationContextLoader.java:98) ~[spring-boot-1.3.3.RELEASE.jar:1.3.3.RELEASE]
[...]
	at org.springframework.test.context.junit4.SpringJUnit4ClassRunner$1.runReflectiveCall(SpringJUnit4ClassRunner.java:287) [spring-test-4.3.4.RELEASE.jar:4.3.4.RELEASE]
	at org.junit.internal.runners.model.ReflectiveCallable.run(ReflectiveCallable.java:12) [junit-4.12.jar:4.12]
	at org.springframework.test.context.junit4.SpringJUnit4ClassRunner.methodBlock(SpringJUnit4ClassRunner.java:289) [spring-test-4.3.4.RELEASE.jar:4.3.4.RELEASE]
	at org.springframework.test.context.junit4.SpringJUnit4ClassRunner.runChild(SpringJUnit4ClassRunner.java:247) [spring-test-4.3.4.RELEASE.jar:4.3.4.RELEASE]
	at org.springframework.test.context.junit4.SpringJUnit4ClassRunner.runChild(SpringJUnit4ClassRunner.java:94) [spring-test-4.3.4.RELEASE.jar:4.3.4.RELEASE]
	at org.junit.runners.ParentRunner$3.run(ParentRunner.java:290) [junit-4.12.jar:4.12]
	at org.junit.runners.ParentRunner$1.schedule(ParentRunner.java:71) [junit-4.12.jar:4.12]
	at org.junit.runners.ParentRunner.runChildren(ParentRunner.java:288) [junit-4.12.jar:4.12]
	at org.junit.runners.ParentRunner.access$000(ParentRunner.java:58) [junit-4.12.jar:4.12]
	at org.junit.runners.ParentRunner$2.evaluate(ParentRunner.java:268) [junit-4.12.jar:4.12]
	at org.springframework.test.context.junit4.statements.RunBeforeTestClassCallbacks.evaluate(RunBeforeTestClassCallbacks.java:61) [spring-test-4.3.4.RELEASE.jar:4.3.4.RELEASE]
	at org.springframework.test.context.junit4.statements.RunAfterTestClassCallbacks.evaluate(RunAfterTestClassCallbacks.java:70) [spring-test-4.3.4.RELEASE.jar:4.3.4.RELEASE]
	at org.junit.runners.ParentRunner.run(ParentRunner.java:363) [junit-4.12.jar:4.12]
	at org.springframework.test.context.junit4.SpringJUnit4ClassRunner.run(SpringJUnit4ClassRunner.java:191) [spring-test-4.3.4.RELEASE.jar:4.3.4.RELEASE]
	at org.apache.maven.surefire.junit4.JUnit4Provider.execute(JUnit4Provider.java:264) [surefire-junit4-2.14.1.jar:2.14.1]
	at org.apache.maven.surefire.junit4.JUnit4Provider.executeTestSet(JUnit4Provider.java:153) [surefire-junit4-2.14.1.jar:2.14.1]
	at org.apache.maven.surefire.junit4.JUnit4Provider.invoke(JUnit4Provider.java:124) [surefire-junit4-2.14.1.jar:2.14.1]
	at sun.reflect.NativeMethodAccessorImpl.invoke0(Native Method) ~[na:1.8.0_121]
	at sun.reflect.NativeMethodAccessorImpl.invoke(NativeMethodAccessorImpl.java:62) ~[na:1.8.0_121]
	at sun.reflect.DelegatingMethodAccessorImpl.invoke(DelegatingMethodAccessorImpl.java:43) ~[na:1.8.0_121]
	at java.lang.reflect.Method.invoke(Method.java:498) ~[na:1.8.0_121]
	at org.apache.maven.surefire.util.ReflectionUtils.invokeMethodWithArray2(ReflectionUtils.java:208) [surefire-api-2.14.1.jar:2.14.1]
	at org.apache.maven.surefire.booter.ProviderFactory$ProviderProxy.invoke(ProviderFactory.java:159) [surefire-booter-2.14.1.jar:2.14.1]
	at org.apache.maven.surefire.booter.ProviderFactory.invokeProvider(ProviderFactory.java:87) [surefire-booter-2.14.1.jar:2.14.1]
	at org.apache.maven.surefire.booter.ForkedBooter.runSuitesInProcess(ForkedBooter.java:153) [surefire-booter-2.14.1.jar:2.14.1]
	at org.apache.maven.surefire.booter.ForkedBooter.main(ForkedBooter.java:95) [surefire-booter-2.14.1.jar:2.14.1]
Caused by: org.apache.camel.FailedToCreateRouteException: Failed to create route route111 at: >>> Choice[[When[{header{action} == all} -> [To[GetAllATMs]]], When[{header{action} == inCity} -> [To[GetAllATMsInCity]]]]] <<< in route: Route(route111)[[From[direct:call]] -> [SetBody[{null}], Cho... because of No endpoint could be found for: GetAllATMs, please check your classpath contains the needed Camel component jar.
	at org.apache.camel.model.RouteDefinition.addRoutes(RouteDefinition.java:1072) ~[camel-core-2.17.2.jar:2.17.2]
	at org.apache.camel.model.RouteDefinition.addRoutes(RouteDefinition.java:196) ~[camel-core-2.17.2.jar:2.17.2]
	at org.apache.camel.impl.DefaultCamelContext.startRoute(DefaultCamelContext.java:974) ~[camel-core-2.17.2.jar:2.17.2]
	at org.apache.camel.impl.DefaultCamelContext.startRouteDefinitions(DefaultCamelContext.java:3301) ~[camel-core-2.17.2.jar:2.17.2]
	at org.apache.camel.impl.DefaultCamelContext.doStartCamel(DefaultCamelContext.java:3024) ~[camel-core-2.17.2.jar:2.17.2]
	at org.apache.camel.impl.DefaultCamelContext.access$000(DefaultCamelContext.java:175) ~[camel-core-2.17.2.jar:2.17.2]
	at org.apache.camel.impl.DefaultCamelContext$2.call(DefaultCamelContext.java:2854) ~[camel-core-2.17.2.jar:2.17.2]
	at org.apache.camel.impl.DefaultCamelContext$2.call(DefaultCamelContext.java:2850) ~[camel-core-2.17.2.jar:2.17.2]
	at org.apache.camel.impl.DefaultCamelContext.doWithDefinedClassLoader(DefaultCamelContext.java:2873) ~[camel-core-2.17.2.jar:2.17.2]
	at org.apache.camel.impl.DefaultCamelContext.doStart(DefaultCamelContext.java:2850) ~[camel-core-2.17.2.jar:2.17.2]
	at org.apache.camel.support.ServiceSupport.start(ServiceSupport.java:61) ~[camel-core-2.17.2.jar:2.17.2]
	at org.apache.camel.impl.DefaultCamelContext.start(DefaultCamelContext.java:2819) ~[camel-core-2.17.2.jar:2.17.2]
	at org.apache.camel.spring.boot.RoutesCollector.onApplicationEvent(RoutesCollector.java:116) ~[camel-spring-boot-2.17.0.jar:2.17.0]
	... 44 common frames omitted
Caused by: org.apache.camel.NoSuchEndpointException: No endpoint could be found for: GetAllATMs, please check your classpath contains the needed Camel component jar.
	at org.apache.camel.util.CamelContextHelper.getMandatoryEndpoint(CamelContextHelper.java:81) ~[camel-core-2.17.2.jar:2.17.2]
	at org.apache.camel.model.RouteDefinition.resolveEndpoint(RouteDefinition.java:211) ~[camel-core-2.17.2.jar:2.17.2]
	at org.apache.camel.impl.DefaultRouteContext.resolveEndpoint(DefaultRouteContext.java:107) ~[camel-core-2.17.2.jar:2.17.2]
	at org.apache.camel.impl.DefaultRouteContext.resolveEndpoint(DefaultRouteContext.java:113) ~[camel-core-2.17.2.jar:2.17.2]
	at org.apache.camel.model.SendDefinition.resolveEndpoint(SendDefinition.java:62) ~[camel-core-2.17.2.jar:2.17.2]
	at org.apache.camel.model.SendDefinition.createProcessor(SendDefinition.java:56) ~[camel-core-2.17.2.jar:2.17.2]
	at org.apache.camel.model.ProcessorDefinition.createProcessor(ProcessorDefinition.java:483) ~[camel-core-2.17.2.jar:2.17.2]
	at org.apache.camel.model.ProcessorDefinition.createOutputsProcessorImpl(ProcessorDefinition.java:446) ~[camel-core-2.17.2.jar:2.17.2]
	at org.apache.camel.model.ProcessorDefinition.createOutputsProcessor(ProcessorDefinition.java:413) ~[camel-core-2.17.2.jar:2.17.2]
	at org.apache.camel.model.ProcessorDefinition.createOutputsProcessor(ProcessorDefinition.java:165) ~[camel-core-2.17.2.jar:2.17.2]
	at org.apache.camel.model.ExpressionNode.createFilterProcessor(ExpressionNode.java:109) ~[camel-core-2.17.2.jar:2.17.2]
	at org.apache.camel.model.WhenDefinition.createProcessor(WhenDefinition.java:74) ~[camel-core-2.17.2.jar:2.17.2]
	at org.apache.camel.model.WhenDefinition.createProcessor(WhenDefinition.java:32) ~[camel-core-2.17.2.jar:2.17.2]
	at org.apache.camel.model.ProcessorDefinition.createProcessor(ProcessorDefinition.java:483) ~[camel-core-2.17.2.jar:2.17.2]
	at org.apache.camel.model.ChoiceDefinition.createProcessor(ChoiceDefinition.java:135) ~[camel-core-2.17.2.jar:2.17.2]
	at org.apache.camel.model.ProcessorDefinition.makeProcessorImpl(ProcessorDefinition.java:534) ~[camel-core-2.17.2.jar:2.17.2]
	at org.apache.camel.model.ProcessorDefinition.makeProcessor(ProcessorDefinition.java:495) ~[camel-core-2.17.2.jar:2.17.2]
	at org.apache.camel.model.ProcessorDefinition.addRoutes(ProcessorDefinition.java:219) ~[camel-core-2.17.2.jar:2.17.2]
	at org.apache.camel.model.RouteDefinition.addRoutes(RouteDefinition.java:1069) ~[camel-core-2.17.2.jar:2.17.2]
	... 56 common frames omitted

2017-04-10 19:13:50.017  INFO 8220 --- [           main] .b.l.ClasspathLoggingApplicationListener : Application failed to start with classpath: [file:/C:/Users/normsby/Documents/NetBeansProjects/ING_ATM_Locator/target/surefire/surefirebooter5636998128895282040.jar, file:/C:/Users/normsby/.m2/repository/org/jacoco/org.jacoco.agent/0.7.5.201505241946/org.jacoco.agent-0.7.5.201505241946-runtime.jar]
2017-04-10 19:13:50.017 ERROR 8220 --- [           main] o.s.test.context.TestContextManager      : Caught exception while allowing TestExecutionListener [org.springframework.test.context.web.ServletTestExecutionListener@15f68bcc] to prepare test instance [com.ing.custom.web.SecurityTagControllerTest@4521d14d]

java.lang.IllegalStateException: Failed to load ApplicationContext
	at org.springframework.test.context.cache.DefaultCacheAwareContextLoaderDelegate.loadContext(DefaultCacheAwareContextLoaderDelegate.java:124) ~[spring-test-4.3.4.RELEASE.jar:4.3.4.RELEASE]
	at org.springframework.test.context.support.DefaultTestContext.getApplicationContext(DefaultTestContext.java:83) ~[spring-test-4.3.4.RELEASE.jar:4.3.4.RELEASE]
	at org.springframework.test.context.web.ServletTestExecutionListener.setUpRequestContextIfNecessary(ServletTestExecutionListener.java:189) ~[spring-test-4.3.4.RELEASE.jar:4.3.4.RELEASE]
	at org.springframework.test.context.web.ServletTestExecutionListener.prepareTestInstance(ServletTestExecutionListener.java:131) ~[spring-test-4.3.4.RELEASE.jar:4.3.4.RELEASE]
	at org.springframework.test.context.TestContextManager.prepareTestInstance(TestContextManager.java:230) ~[spring-test-4.3.4.RELEASE.jar:4.3.4.RELEASE]
	at org.springframework.test.context.junit4.SpringJUnit4ClassRunner.createTest(SpringJUnit4ClassRunner.java:228) [spring-test-4.3.4.RELEASE.jar:4.3.4.RELEASE]
	at org.springframework.test.context.junit4.SpringJUnit4ClassRunner$1.runReflectiveCall(SpringJUnit4ClassRunner.java:287) [spring-test-4.3.4.RELEASE.jar:4.3.4.RELEASE]
	at org.junit.internal.runners.model.ReflectiveCallable.run(ReflectiveCallable.java:12) [junit-4.12.jar:4.12]
	at org.springframework.test.context.junit4.SpringJUnit4ClassRunner.methodBlock(SpringJUnit4ClassRunner.java:289) [spring-test-4.3.4.RELEASE.jar:4.3.4.RELEASE]
	at org.springframework.test.context.junit4.SpringJUnit4ClassRunner.runChild(SpringJUnit4ClassRunner.java:247) [spring-test-4.3.4.RELEASE.jar:4.3.4.RELEASE]
	at org.springframework.test.context.junit4.SpringJUnit4ClassRunner.runChild(SpringJUnit4ClassRunner.java:94) [spring-test-4.3.4.RELEASE.jar:4.3.4.RELEASE]
	at org.junit.runners.ParentRunner$3.run(ParentRunner.java:290) [junit-4.12.jar:4.12]
	at org.junit.runners.ParentRunner$1.schedule(ParentRunner.java:71) [junit-4.12.jar:4.12]
	at org.junit.runners.ParentRunner.runChildren(ParentRunner.java:288) [junit-4.12.jar:4.12]
	at org.junit.runners.ParentRunner.access$000(ParentRunner.java:58) [junit-4.12.jar:4.12]
	at org.junit.runners.ParentRunner$2.evaluate(ParentRunner.java:268) [junit-4.12.jar:4.12]
	at org.springframework.test.context.junit4.statements.RunBeforeTestClassCallbacks.evaluate(RunBeforeTestClassCallbacks.java:61) [spring-test-4.3.4.RELEASE.jar:4.3.4.RELEASE]
	at org.springframework.test.context.junit4.statements.RunAfterTestClassCallbacks.evaluate(RunAfterTestClassCallbacks.java:70) [spring-test-4.3.4.RELEASE.jar:4.3.4.RELEASE]
	at org.junit.runners.ParentRunner.run(ParentRunner.java:363) [junit-4.12.jar:4.12]
	at org.springframework.test.context.junit4.SpringJUnit4ClassRunner.run(SpringJUnit4ClassRunner.java:191) [spring-test-4.3.4.RELEASE.jar:4.3.4.RELEASE]
	at org.apache.maven.surefire.junit4.JUnit4Provider.execute(JUnit4Provider.java:264) [surefire-junit4-2.14.1.jar:2.14.1]
	at org.apache.maven.surefire.junit4.JUnit4Provider.executeTestSet(JUnit4Provider.java:153) [surefire-junit4-2.14.1.jar:2.14.1]
	at org.apache.maven.surefire.junit4.JUnit4Provider.invoke(JUnit4Provider.java:124) [surefire-junit4-2.14.1.jar:2.14.1]
	at sun.reflect.NativeMethodAccessorImpl.invoke0(Native Method) ~[na:1.8.0_121]
	at sun.reflect.NativeMethodAccessorImpl.invoke(NativeMethodAccessorImpl.java:62) ~[na:1.8.0_121]
	at sun.reflect.DelegatingMethodAccessorImpl.invoke(DelegatingMethodAccessorImpl.java:43) ~[na:1.8.0_121]
	at java.lang.reflect.Method.invoke(Method.java:498) ~[na:1.8.0_121]
	at org.apache.maven.surefire.util.ReflectionUtils.invokeMethodWithArray2(ReflectionUtils.java:208) [surefire-api-2.14.1.jar:2.14.1]
	at org.apache.maven.surefire.booter.ProviderFactory$ProviderProxy.invoke(ProviderFactory.java:159) [surefire-booter-2.14.1.jar:2.14.1]
	at org.apache.maven.surefire.booter.ProviderFactory.invokeProvider(ProviderFactory.java:87) [surefire-booter-2.14.1.jar:2.14.1]
	at org.apache.maven.surefire.booter.ForkedBooter.runSuitesInProcess(ForkedBooter.java:153) [surefire-booter-2.14.1.jar:2.14.1]
	at org.apache.maven.surefire.booter.ForkedBooter.main(ForkedBooter.java:95) [surefire-booter-2.14.1.jar:2.14.1]
Caused by: org.apache.camel.spring.boot.CamelSpringBootInitializationException: org.apache.camel.FailedToCreateRouteException: Failed to create route route111 at: >>> Choice[[When[{header{action} == all} -> [To[GetAllATMs]]], When[{header{action} == inCity} -> [To[GetAllATMsInCity]]]]] <<< in route: Route(route111)[[From[direct:call]] -> [SetBody[{null}], Cho... because of No endpoint could be found for: GetAllATMs, please check your classpath contains the needed Camel component jar.
	at org.apache.camel.spring.boot.RoutesCollector.onApplicationEvent(RoutesCollector.java:126) ~[camel-spring-boot-2.17.0.jar:2.17.0]
	at org.apache.camel.spring.boot.RoutesCollector.onApplicationEvent(RoutesCollector.java:41) ~[camel-spring-boot-2.17.0.jar:2.17.0]
	at org.springframework.context.event.SimpleApplicationEventMulticaster.invokeListener(SimpleApplicationEventMulticaster.java:166) ~[spring-context-4.3.4.RELEASE.jar:4.3.4.RELEASE]
	at org.springframework.context.event.SimpleApplicationEventMulticaster.multicastEvent(SimpleApplicationEventMulticaster.java:138) ~[spring-context-4.3.4.RELEASE.jar:4.3.4.RELEASE]
	at org.springframework.context.support.AbstractApplicationContext.publishEvent(AbstractApplicationContext.java:383) ~[spring-context-4.3.4.RELEASE.jar:4.3.4.RELEASE]
	at org.springframework.context.support.AbstractApplicationContext.publishEvent(AbstractApplicationContext.java:337) ~[spring-context-4.3.4.RELEASE.jar:4.3.4.RELEASE]
	at org.springframework.context.support.AbstractApplicationContext.finishRefresh(AbstractApplicationContext.java:882) ~[spring-context-4.3.4.RELEASE.jar:4.3.4.RELEASE]
	at org.springframework.context.support.AbstractApplicationContext.refresh(AbstractApplicationContext.java:545) ~[spring-context-4.3.4.RELEASE.jar:4.3.4.RELEASE]
	at org.springframework.boot.SpringApplication.refresh(SpringApplication.java:766) ~[spring-boot-1.3.3.RELEASE.jar:1.3.3.RELEASE]
	at org.springframework.boot.SpringApplication.createAndRefreshContext(SpringApplication.java:361) ~[spring-boot-1.3.3.RELEASE.jar:1.3.3.RELEASE]
	at org.springframework.boot.SpringApplication.run(SpringApplication.java:307) ~[spring-boot-1.3.3.RELEASE.jar:1.3.3.RELEASE]
	at org.springframework.boot.test.SpringApplicationContextLoader.loadContext(SpringApplicationContextLoader.java:98) ~[spring-boot-1.3.3.RELEASE.jar:1.3.3.RELEASE]
	at org.springframework.test.context.cache.DefaultCacheAwareContextLoaderDelegate.loadContextInternal(DefaultCacheAwareContextLoaderDelegate.java:98) ~[spring-test-4.3.4.RELEASE.jar:4.3.4.RELEASE]
	at org.springframework.test.context.cache.DefaultCacheAwareContextLoaderDelegate.loadContext(DefaultCacheAwareContextLoaderDelegate.java:116) ~[spring-test-4.3.4.RELEASE.jar:4.3.4.RELEASE]
	... 31 common frames omitted
Caused by: org.apache.camel.FailedToCreateRouteException: Failed to create route route111 at: >>> Choice[[When[{header{action} == all} -> [To[GetAllATMs]]], When[{header{action} == inCity} -> [To[GetAllATMsInCity]]]]] <<< in route: Route(route111)[[From[direct:call]] -> [SetBody[{null}], Cho... because of No endpoint could be found for: GetAllATMs, please check your classpath contains the needed Camel component jar.
	at org.apache.camel.model.RouteDefinition.addRoutes(RouteDefinition.java:1072) ~[camel-core-2.17.2.jar:2.17.2]
	at org.apache.camel.model.RouteDefinition.addRoutes(RouteDefinition.java:196) ~[camel-core-2.17.2.jar:2.17.2]
	at org.apache.camel.impl.DefaultCamelContext.startRoute(DefaultCamelContext.java:974) ~[camel-core-2.17.2.jar:2.17.2]
	at org.apache.camel.impl.DefaultCamelContext.startRouteDefinitions(DefaultCamelContext.java:3301) ~[camel-core-2.17.2.jar:2.17.2]
	at org.apache.camel.impl.DefaultCamelContext.doStartCamel(DefaultCamelContext.java:3024) ~[camel-core-2.17.2.jar:2.17.2]
	at org.apache.camel.impl.DefaultCamelContext.access$000(DefaultCamelContext.java:175) ~[camel-core-2.17.2.jar:2.17.2]
	at org.apache.camel.impl.DefaultCamelContext$2.call(DefaultCamelContext.java:2854) ~[camel-core-2.17.2.jar:2.17.2]
	at org.apache.camel.impl.DefaultCamelContext$2.call(DefaultCamelContext.java:2850) ~[camel-core-2.17.2.jar:2.17.2]
	at org.apache.camel.impl.DefaultCamelContext.doWithDefinedClassLoader(DefaultCamelContext.java:2873) ~[camel-core-2.17.2.jar:2.17.2]
	at org.apache.camel.impl.DefaultCamelContext.doStart(DefaultCamelContext.java:2850) ~[camel-core-2.17.2.jar:2.17.2]
	at org.apache.camel.support.ServiceSupport.start(ServiceSupport.java:61) ~[camel-core-2.17.2.jar:2.17.2]
	at org.apache.camel.impl.DefaultCamelContext.start(DefaultCamelContext.java:2819) ~[camel-core-2.17.2.jar:2.17.2]
	at org.apache.camel.spring.boot.RoutesCollector.onApplicationEvent(RoutesCollector.java:116) ~[camel-spring-boot-2.17.0.jar:2.17.0]
	... 44 common frames omitted
Caused by: org.apache.camel.NoSuchEndpointException: No endpoint could be found for: GetAllATMs, please check your classpath contains the needed Camel component jar.
	at org.apache.camel.util.CamelContextHelper.getMandatoryEndpoint(CamelContextHelper.java:81) ~[camel-core-2.17.2.jar:2.17.2]
	at org.apache.camel.model.RouteDefinition.resolveEndpoint(RouteDefinition.java:211) ~[camel-core-2.17.2.jar:2.17.2]
	at org.apache.camel.impl.DefaultRouteContext.resolveEndpoint(DefaultRouteContext.java:107) ~[camel-core-2.17.2.jar:2.17.2]
	at org.apache.camel.impl.DefaultRouteContext.resolveEndpoint(DefaultRouteContext.java:113) ~[camel-core-2.17.2.jar:2.17.2]
	at org.apache.camel.model.SendDefinition.resolveEndpoint(SendDefinition.java:62) ~[camel-core-2.17.2.jar:2.17.2]
	at org.apache.camel.model.SendDefinition.createProcessor(SendDefinition.java:56) ~[camel-core-2.17.2.jar:2.17.2]
	at org.apache.camel.model.ProcessorDefinition.createProcessor(ProcessorDefinition.java:483) ~[camel-core-2.17.2.jar:2.17.2]
	at org.apache.camel.model.ProcessorDefinition.createOutputsProcessorImpl(ProcessorDefinition.java:446) ~[camel-core-2.17.2.jar:2.17.2]
	at org.apache.camel.model.ProcessorDefinition.createOutputsProcessor(ProcessorDefinition.java:413) ~[camel-core-2.17.2.jar:2.17.2]
	at org.apache.camel.model.ProcessorDefinition.createOutputsProcessor(ProcessorDefinition.java:165) ~[camel-core-2.17.2.jar:2.17.2]
	at org.apache.camel.model.ExpressionNode.createFilterProcessor(ExpressionNode.java:109) ~[camel-core-2.17.2.jar:2.17.2]
	at org.apache.camel.model.WhenDefinition.createProcessor(WhenDefinition.java:74) ~[camel-core-2.17.2.jar:2.17.2]
	at org.apache.camel.model.WhenDefinition.createProcessor(WhenDefinition.java:32) ~[camel-core-2.17.2.jar:2.17.2]
	at org.apache.camel.model.ProcessorDefinition.createProcessor(ProcessorDefinition.java:483) ~[camel-core-2.17.2.jar:2.17.2]
	at org.apache.camel.model.ChoiceDefinition.createProcessor(ChoiceDefinition.java:135) ~[camel-core-2.17.2.jar:2.17.2]
	at org.apache.camel.model.ProcessorDefinition.makeProcessorImpl(ProcessorDefinition.java:534) ~[camel-core-2.17.2.jar:2.17.2]
	at org.apache.camel.model.ProcessorDefinition.makeProcessor(ProcessorDefinition.java:495) ~[camel-core-2.17.2.jar:2.17.2]
	at org.apache.camel.model.ProcessorDefinition.addRoutes(ProcessorDefinition.java:219) ~[camel-core-2.17.2.jar:2.17.2]
	at org.apache.camel.model.RouteDefinition.addRoutes(RouteDefinition.java:1069) ~[camel-core-2.17.2.jar:2.17.2]
	... 56 common frames omitted

]]></system-out>
  </testcase>
</testsuite>